This file contains any messages produced by compilers while
running configure, to aid debugging if configure makes a mistake.

It was created by libdwarf configure 20180809, which was
generated by GNU Autoconf 2.69.  Invocation command line was

  $ ./configure 

## --------- ##
## Platform. ##
## --------- ##

hostname = Daves-MacBook-Pro.local
uname -m = x86_64
uname -r = 18.2.0
uname -s = Darwin
uname -v = Darwin Kernel Version 18.2.0: Mon Nov 12 20:24:46 PST 2018; root:xnu-4903.231.4~2/RELEASE_X86_64

/usr/bin/uname -p = i386
/bin/uname -X     = unknown

/bin/arch              = unknown
/usr/bin/arch -k       = unknown
/usr/convex/getsysinfo = unknown
/usr/bin/hostinfo      = Mach kernel version:
	 Darwin Kernel Version 18.2.0: Mon Nov 12 20:24:46 PST 2018; root:xnu-4903.231.4~2/RELEASE_X86_64
Kernel configured for up to 8 processors.
4 processors are physically available.
8 processors are logically available.
Processor type: x86_64h (Intel x86-64h Haswell)
Processors active: 0 1 2 3 4 5 6 7
Primary memory available: 16.00 gigabytes
Default processor set: 575 tasks, 2599 threads, 8 processors
Load average: 2.25, Mach factor: 5.74
/bin/machine           = unknown
/usr/bin/oslevel       = unknown
/bin/universe          = unknown

PATH: /Applications/Sublime Text.app/Contents/SharedSupport/bin
PATH: /Users/schukin/.rvm/gems/ruby-2.5.1/bin
PATH: /Users/schukin/.rvm/gems/ruby-2.5.1@global/bin
PATH: /Users/schukin/.rvm/rubies/ruby-2.5.1/bin
PATH: /usr/local/bin
PATH: /usr/bin
PATH: /bin
PATH: /usr/sbin
PATH: /sbin
PATH: /opt/X11/bin
PATH: /Users/schukin/.rvm/bin
PATH: /Users/schukin/Library/Android/sdk/platform-tools/


## ----------- ##
## Core tests. ##
## ----------- ##

configure:2631: checking build system type
configure:2645: result: x86_64-apple-darwin18.2.0
configure:2665: checking host system type
configure:2678: result: x86_64-apple-darwin18.2.0
configure:2769: checking for gcc
configure:2785: found /usr/bin/gcc
configure:2796: result: gcc
configure:3025: checking for C compiler version
configure:3034: gcc --version >&5
Apple LLVM version 10.0.0 (clang-1000.11.45.5)
Target: x86_64-apple-darwin18.2.0
Thread model: posix
InstalledDir: /Applications/Xcode.app/Contents/Developer/Toolchains/XcodeDefault.xctoolchain/usr/bin
Configured with: --prefix=/Applications/Xcode.app/Contents/Developer/usr --with-gxx-include-dir=/usr/include/c++/4.2.1
configure:3045: $? = 0
configure:3034: gcc -v >&5
Configured with: --prefix=/Applications/Xcode.app/Contents/Developer/usr --with-gxx-include-dir=/usr/include/c++/4.2.1
Apple LLVM version 10.0.0 (clang-1000.11.45.5)
Target: x86_64-apple-darwin18.2.0
Thread model: posix
InstalledDir: /Applications/Xcode.app/Contents/Developer/Toolchains/XcodeDefault.xctoolchain/usr/bin
configure:3045: $? = 0
configure:3034: gcc -V >&5
clang: error: argument to '-V' is missing (expected 1 value)
clang: error: no input files
configure:3045: $? = 1
configure:3034: gcc -qversion >&5
clang: error: unknown argument: '-qversion'
clang: error: no input files
configure:3045: $? = 1
configure:3065: checking whether the C compiler works
configure:3087: gcc -fPIC -I/Users/schukin/src/crashlife/atoslife/ext/atoslife/dst/include  -L/Users/schukin/src/crashlife/atoslife/ext/atoslife/dst/lib conftest.c  >&5
configure:3091: $? = 0
configure:3139: result: yes
configure:3142: checking for C compiler default output file name
configure:3144: result: a.out
configure:3150: checking for suffix of executables
configure:3157: gcc -o conftest -fPIC -I/Users/schukin/src/crashlife/atoslife/ext/atoslife/dst/include  -L/Users/schukin/src/crashlife/atoslife/ext/atoslife/dst/lib conftest.c  >&5
configure:3161: $? = 0
configure:3183: result: 
configure:3205: checking whether we are cross compiling
configure:3213: gcc -o conftest -fPIC -I/Users/schukin/src/crashlife/atoslife/ext/atoslife/dst/include  -L/Users/schukin/src/crashlife/atoslife/ext/atoslife/dst/lib conftest.c  >&5
configure:3217: $? = 0
configure:3224: ./conftest
configure:3228: $? = 0
configure:3243: result: no
configure:3248: checking for suffix of object files
configure:3270: gcc -c -fPIC -I/Users/schukin/src/crashlife/atoslife/ext/atoslife/dst/include  conftest.c >&5
configure:3274: $? = 0
configure:3295: result: o
configure:3299: checking whether we are using the GNU C compiler
configure:3318: gcc -c -fPIC -I/Users/schukin/src/crashlife/atoslife/ext/atoslife/dst/include  conftest.c >&5
configure:3318: $? = 0
configure:3327: result: yes
configure:3336: checking whether gcc accepts -g
configure:3356: gcc -c -g  conftest.c >&5
configure:3356: $? = 0
configure:3397: result: yes
configure:3414: checking for gcc option to accept ISO C89
configure:3477: gcc  -c -fPIC -I/Users/schukin/src/crashlife/atoslife/ext/atoslife/dst/include  conftest.c >&5
configure:3477: $? = 0
configure:3490: result: none needed
configure:3515: checking whether gcc understands -c and -o together
configure:3537: gcc -c conftest.c -o conftest2.o
configure:3540: $? = 0
configure:3537: gcc -c conftest.c -o conftest2.o
configure:3540: $? = 0
configure:3552: result: yes
configure:3619: checking for ar
configure:3635: found /usr/bin/ar
configure:3646: result: ar
configure:3672: checking the archiver (ar) interface
configure:3688: gcc -c -fPIC -I/Users/schukin/src/crashlife/atoslife/ext/atoslife/dst/include  conftest.c >&5
configure:3688: $? = 0
configure:3690: ar cru libconftest.a conftest.o >&5
configure:3693: $? = 0
configure:3721: result: ar
configure:3758: checking for a BSD-compatible install
configure:3826: result: /usr/local/bin/ginstall -c
configure:3837: checking whether build environment is sane
configure:3892: result: yes
configure:4040: checking for a thread-safe mkdir -p
configure:4079: result: /usr/local/bin/gmkdir -p
configure:4086: checking for gawk
configure:4116: result: no
configure:4086: checking for mawk
configure:4116: result: no
configure:4086: checking for nawk
configure:4116: result: no
configure:4086: checking for awk
configure:4102: found /usr/bin/awk
configure:4113: result: awk
configure:4124: checking whether make sets $(MAKE)
configure:4146: result: yes
configure:4176: checking for style of include used by make
configure:4204: result: GNU
configure:4238: checking whether make supports nested variables
configure:4255: result: yes
configure:4340: checking dependency style of gcc
configure:4451: result: gcc3
configure:4520: checking whether make supports nested variables
configure:4537: result: yes
configure:4595: checking how to print strings
configure:4622: result: printf
configure:4643: checking for a sed that does not truncate output
configure:4707: result: /usr/bin/sed
configure:4725: checking for grep that handles long lines and -e
configure:4783: result: /usr/bin/grep
configure:4788: checking for egrep
configure:4850: result: /usr/bin/grep -E
configure:4855: checking for fgrep
configure:4917: result: /usr/bin/grep -F
configure:4952: checking for ld used by gcc
configure:5019: result: /Applications/Xcode.app/Contents/Developer/Toolchains/XcodeDefault.xctoolchain/usr/bin/ld
configure:5026: checking if the linker (/Applications/Xcode.app/Contents/Developer/Toolchains/XcodeDefault.xctoolchain/usr/bin/ld) is GNU ld
configure:5041: result: no
configure:5053: checking for BSD- or MS-compatible name lister (nm)
configure:5107: result: /usr/bin/nm -B
configure:5237: checking the name lister (/usr/bin/nm -B) interface
configure:5244: gcc -c -fPIC -I/Users/schukin/src/crashlife/atoslife/ext/atoslife/dst/include  conftest.c >&5
configure:5247: /usr/bin/nm -B "conftest.o"
configure:5250: output
0000000000000000 S _some_variable
configure:5257: result: BSD nm
configure:5260: checking whether ln -s works
configure:5264: result: yes
configure:5272: checking the maximum length of command line arguments
configure:5403: result: 196608
configure:5451: checking how to convert x86_64-apple-darwin18.2.0 file names to x86_64-apple-darwin18.2.0 format
configure:5491: result: func_convert_file_noop
configure:5498: checking how to convert x86_64-apple-darwin18.2.0 file names to toolchain format
configure:5518: result: func_convert_file_noop
configure:5525: checking for /Applications/Xcode.app/Contents/Developer/Toolchains/XcodeDefault.xctoolchain/usr/bin/ld option to reload object files
configure:5532: result: -r
configure:5606: checking for objdump
configure:5622: found /usr/bin/objdump
configure:5633: result: objdump
configure:5662: checking how to recognize dependent libraries
configure:5862: result: pass_all
configure:5947: checking for dlltool
configure:5977: result: no
configure:6004: checking how to associate runtime and link libraries
configure:6031: result: printf %s\n
configure:6155: checking for archiver @FILE support
configure:6172: gcc -c -fPIC -I/Users/schukin/src/crashlife/atoslife/ext/atoslife/dst/include  conftest.c >&5
configure:6172: $? = 0
configure:6175: ar cru libconftest.a @conftest.lst >&5
ar: @conftest.lst: No such file or directory
configure:6178: $? = 1
configure:6198: result: no
configure:6256: checking for strip
configure:6272: found /usr/bin/strip
configure:6283: result: strip
configure:6355: checking for ranlib
configure:6371: found /usr/bin/ranlib
configure:6382: result: ranlib
configure:6484: checking command to parse /usr/bin/nm -B output from gcc object
configure:6637: gcc -c -fPIC -I/Users/schukin/src/crashlife/atoslife/ext/atoslife/dst/include  conftest.c >&5
configure:6640: $? = 0
configure:6644: /usr/bin/nm -B conftest.o \| sed -n -e 's/^.*[ ]\([BCDEGRST][BCDEGRST]*\)[ ][ ]*\([_A-Za-z][_A-Za-z0-9]*\)$/\1 \2 \2/p' | sed '/ __gnu_lto/d' \> conftest.nm
configure:6647: $? = 0
cannot find nm_test_var in conftest.nm
configure:6637: gcc -c -fPIC -I/Users/schukin/src/crashlife/atoslife/ext/atoslife/dst/include  conftest.c >&5
configure:6640: $? = 0
configure:6644: /usr/bin/nm -B conftest.o \| sed -n -e 's/^.*[ ]\([BCDEGRST][BCDEGRST]*\)[ ][ ]*_\([_A-Za-z][_A-Za-z0-9]*\)$/\1 _\2 \2/p' | sed '/ __gnu_lto/d' \> conftest.nm
configure:6647: $? = 0
configure:6713: gcc -o conftest -fPIC -I/Users/schukin/src/crashlife/atoslife/ext/atoslife/dst/include  -L/Users/schukin/src/crashlife/atoslife/ext/atoslife/dst/lib conftest.c conftstm.o >&5
configure:6716: $? = 0
configure:6754: result: ok
configure:6801: checking for sysroot
configure:6831: result: no
configure:6838: checking for a working dd
configure:6876: result: /bin/dd
configure:6880: checking how to truncate binary pipes
configure:6895: result: /bin/dd bs=4096 count=1
configure:7224: checking for mt
configure:7254: result: no
configure:7274: checking if : is a manifest tool
configure:7280: : '-?'
configure:7288: result: no
configure:7344: checking for dsymutil
configure:7360: found /usr/bin/dsymutil
configure:7371: result: dsymutil
configure:7436: checking for nmedit
configure:7452: found /usr/bin/nmedit
configure:7463: result: nmedit
configure:7528: checking for lipo
configure:7544: found /usr/bin/lipo
configure:7555: result: lipo
configure:7620: checking for otool
configure:7636: found /usr/bin/otool
configure:7647: result: otool
configure:7712: checking for otool64
configure:7742: result: no
configure:7787: checking for -single_module linker flag
gcc -fPIC -I/Users/schukin/src/crashlife/atoslife/ext/atoslife/dst/include -L/Users/schukin/src/crashlife/atoslife/ext/atoslife/dst/lib -o libconftest.dylib -dynamiclib -Wl,-single_module conftest.c
configure:7820: result: yes
configure:7823: checking for -exported_symbols_list linker flag
configure:7843: gcc -o conftest -fPIC -I/Users/schukin/src/crashlife/atoslife/ext/atoslife/dst/include  -L/Users/schukin/src/crashlife/atoslife/ext/atoslife/dst/lib -Wl,-exported_symbols_list,conftest.sym conftest.c  >&5
configure:7843: $? = 0
configure:7853: result: yes
configure:7856: checking for -force_load linker flag
gcc -fPIC -I/Users/schukin/src/crashlife/atoslife/ext/atoslife/dst/include -c -o conftest.o conftest.c
ar cru libconftest.a conftest.o
ranlib libconftest.a
gcc -fPIC -I/Users/schukin/src/crashlife/atoslife/ext/atoslife/dst/include -L/Users/schukin/src/crashlife/atoslife/ext/atoslife/dst/lib -o conftest conftest.c -Wl,-force_load,./libconftest.a
configure:7888: result: yes
configure:7965: checking how to run the C preprocessor
configure:7996: gcc -E  conftest.c
configure:7996: $? = 0
configure:8010: gcc -E  conftest.c
conftest.c:11:10: fatal error: 'ac_nonexistent.h' file not found
#include <ac_nonexistent.h>
         ^~~~~~~~~~~~~~~~~~
1 error generated.
configure:8010: $? = 1
configure: failed program was:
| /* confdefs.h */
| #define PACKAGE_NAME "libdwarf"
| #define PACKAGE_TARNAME "libdwarf"
| #define PACKAGE_VERSION "20180809"
| #define PACKAGE_STRING "libdwarf 20180809"
| #define PACKAGE_BUGREPORT "libdwarf-list -at- linuxmail -dot- org"
| #define PACKAGE_URL ""
| #define PACKAGE "libdwarf"
| #define VERSION "20180809"
| /* end confdefs.h.  */
| #include <ac_nonexistent.h>
configure:8035: result: gcc -E
configure:8055: gcc -E  conftest.c
configure:8055: $? = 0
configure:8069: gcc -E  conftest.c
conftest.c:11:10: fatal error: 'ac_nonexistent.h' file not found
#include <ac_nonexistent.h>
         ^~~~~~~~~~~~~~~~~~
1 error generated.
configure:8069: $? = 1
configure: failed program was:
| /* confdefs.h */
| #define PACKAGE_NAME "libdwarf"
| #define PACKAGE_TARNAME "libdwarf"
| #define PACKAGE_VERSION "20180809"
| #define PACKAGE_STRING "libdwarf 20180809"
| #define PACKAGE_BUGREPORT "libdwarf-list -at- linuxmail -dot- org"
| #define PACKAGE_URL ""
| #define PACKAGE "libdwarf"
| #define VERSION "20180809"
| /* end confdefs.h.  */
| #include <ac_nonexistent.h>
configure:8098: checking for ANSI C header files
configure:8118: gcc -c -fPIC -I/Users/schukin/src/crashlife/atoslife/ext/atoslife/dst/include  conftest.c >&5
configure:8118: $? = 0
configure:8191: gcc -o conftest -fPIC -I/Users/schukin/src/crashlife/atoslife/ext/atoslife/dst/include  -L/Users/schukin/src/crashlife/atoslife/ext/atoslife/dst/lib conftest.c  >&5
configure:8191: $? = 0
configure:8191: ./conftest
configure:8191: $? = 0
configure:8202: result: yes
configure:8215: checking for sys/types.h
configure:8215: gcc -c -fPIC -I/Users/schukin/src/crashlife/atoslife/ext/atoslife/dst/include  conftest.c >&5
configure:8215: $? = 0
configure:8215: result: yes
configure:8215: checking for sys/stat.h
configure:8215: gcc -c -fPIC -I/Users/schukin/src/crashlife/atoslife/ext/atoslife/dst/include  conftest.c >&5
configure:8215: $? = 0
configure:8215: result: yes
configure:8215: checking for stdlib.h
configure:8215: gcc -c -fPIC -I/Users/schukin/src/crashlife/atoslife/ext/atoslife/dst/include  conftest.c >&5
configure:8215: $? = 0
configure:8215: result: yes
configure:8215: checking for string.h
configure:8215: gcc -c -fPIC -I/Users/schukin/src/crashlife/atoslife/ext/atoslife/dst/include  conftest.c >&5
configure:8215: $? = 0
configure:8215: result: yes
configure:8215: checking for memory.h
configure:8215: gcc -c -fPIC -I/Users/schukin/src/crashlife/atoslife/ext/atoslife/dst/include  conftest.c >&5
configure:8215: $? = 0
configure:8215: result: yes
configure:8215: checking for strings.h
configure:8215: gcc -c -fPIC -I/Users/schukin/src/crashlife/atoslife/ext/atoslife/dst/include  conftest.c >&5
configure:8215: $? = 0
configure:8215: result: yes
configure:8215: checking for inttypes.h
configure:8215: gcc -c -fPIC -I/Users/schukin/src/crashlife/atoslife/ext/atoslife/dst/include  conftest.c >&5
configure:8215: $? = 0
configure:8215: result: yes
configure:8215: checking for stdint.h
configure:8215: gcc -c -fPIC -I/Users/schukin/src/crashlife/atoslife/ext/atoslife/dst/include  conftest.c >&5
configure:8215: $? = 0
configure:8215: result: yes
configure:8215: checking for unistd.h
configure:8215: gcc -c -fPIC -I/Users/schukin/src/crashlife/atoslife/ext/atoslife/dst/include  conftest.c >&5
configure:8215: $? = 0
configure:8215: result: yes
configure:8229: checking for dlfcn.h
configure:8229: gcc -c -fPIC -I/Users/schukin/src/crashlife/atoslife/ext/atoslife/dst/include  conftest.c >&5
configure:8229: $? = 0
configure:8229: result: yes
configure:8781: checking for objdir
configure:8796: result: .libs
configure:9060: checking if gcc supports -fno-rtti -fno-exceptions
configure:9078: gcc -c -fPIC -I/Users/schukin/src/crashlife/atoslife/ext/atoslife/dst/include  -fno-rtti -fno-exceptions conftest.c >&5
configure:9082: $? = 0
configure:9095: result: yes
configure:9453: checking for gcc option to produce PIC
configure:9460: result: -fno-common -DPIC
configure:9468: checking if gcc PIC flag -fno-common -DPIC works
configure:9486: gcc -c -fPIC -I/Users/schukin/src/crashlife/atoslife/ext/atoslife/dst/include  -fno-common -DPIC -DPIC conftest.c >&5
configure:9490: $? = 0
configure:9503: result: yes
configure:9532: checking if gcc static flag -static works
configure:9560: result: no
configure:9575: checking if gcc supports -c -o file.o
configure:9596: gcc -c -fPIC -I/Users/schukin/src/crashlife/atoslife/ext/atoslife/dst/include  -o out/conftest2.o conftest.c >&5
configure:9600: $? = 0
configure:9622: result: yes
configure:9630: checking if gcc supports -c -o file.o
configure:9677: result: yes
configure:9710: checking whether the gcc linker (/Applications/Xcode.app/Contents/Developer/Toolchains/XcodeDefault.xctoolchain/usr/bin/ld) supports shared libraries
configure:10973: result: yes
configure:11213: checking dynamic linker characteristics
configure:12043: result: darwin18.2.0 dyld
configure:12165: checking how to hardcode library paths into programs
configure:12190: result: immediate
configure:12738: checking whether stripping libraries is possible
configure:12752: result: yes
configure:12778: checking if libtool supports shared libraries
configure:12780: result: yes
configure:12783: checking whether to build shared libraries
configure:12808: result: no
configure:12811: checking whether to build static libraries
configure:12815: result: yes
configure:12906: checking for gcc
configure:12933: result: gcc
configure:13162: checking for C compiler version
configure:13171: gcc --version >&5
Apple LLVM version 10.0.0 (clang-1000.11.45.5)
Target: x86_64-apple-darwin18.2.0
Thread model: posix
InstalledDir: /Applications/Xcode.app/Contents/Developer/Toolchains/XcodeDefault.xctoolchain/usr/bin
Configured with: --prefix=/Applications/Xcode.app/Contents/Developer/usr --with-gxx-include-dir=/usr/include/c++/4.2.1
configure:13182: $? = 0
configure:13171: gcc -v >&5
Configured with: --prefix=/Applications/Xcode.app/Contents/Developer/usr --with-gxx-include-dir=/usr/include/c++/4.2.1
Apple LLVM version 10.0.0 (clang-1000.11.45.5)
Target: x86_64-apple-darwin18.2.0
Thread model: posix
InstalledDir: /Applications/Xcode.app/Contents/Developer/Toolchains/XcodeDefault.xctoolchain/usr/bin
configure:13182: $? = 0
configure:13171: gcc -V >&5
clang: error: argument to '-V' is missing (expected 1 value)
clang: error: no input files
configure:13182: $? = 1
configure:13171: gcc -qversion >&5
clang: error: unknown argument: '-qversion'
clang: error: no input files
configure:13182: $? = 1
configure:13186: checking whether we are using the GNU C compiler
configure:13214: result: yes
configure:13223: checking whether gcc accepts -g
configure:13284: result: yes
configure:13301: checking for gcc option to accept ISO C89
configure:13377: result: none needed
configure:13402: checking whether gcc understands -c and -o together
configure:13439: result: yes
configure:13512: checking for gcc
configure:13528: found /usr/bin/gcc
configure:13539: result: gcc
configure:13768: checking for C compiler version
configure:13777: gcc --version >&5
Apple LLVM version 10.0.0 (clang-1000.11.45.5)
Target: x86_64-apple-darwin18.2.0
Thread model: posix
InstalledDir: /Applications/Xcode.app/Contents/Developer/Toolchains/XcodeDefault.xctoolchain/usr/bin
Configured with: --prefix=/Applications/Xcode.app/Contents/Developer/usr --with-gxx-include-dir=/usr/include/c++/4.2.1
configure:13788: $? = 0
configure:13777: gcc -v >&5
Configured with: --prefix=/Applications/Xcode.app/Contents/Developer/usr --with-gxx-include-dir=/usr/include/c++/4.2.1
Apple LLVM version 10.0.0 (clang-1000.11.45.5)
Target: x86_64-apple-darwin18.2.0
Thread model: posix
InstalledDir: /Applications/Xcode.app/Contents/Developer/Toolchains/XcodeDefault.xctoolchain/usr/bin
configure:13788: $? = 0
configure:13777: gcc -V >&5
clang: error: argument to '-V' is missing (expected 1 value)
clang: error: no input files
configure:13788: $? = 1
configure:13777: gcc -qversion >&5
clang: error: unknown argument: '-qversion'
clang: error: no input files
configure:13788: $? = 1
configure:13792: checking whether we are using the GNU C compiler
configure:13820: result: yes
configure:13829: checking whether gcc accepts -g
configure:13849: gcc -c -fPIC -I/Users/schukin/src/crashlife/atoslife/ext/atoslife/dst/include  conftest.c >&5
configure:13849: $? = 0
configure:13890: result: yes
configure:13907: checking for gcc option to accept ISO C89
configure:13983: result: none needed
configure:14008: checking whether gcc understands -c and -o together
configure:14045: result: yes
configure:14067: checking how to run the C preprocessor
configure:14098: gcc -E  conftest.c
configure:14098: $? = 0
configure:14112: gcc -E  conftest.c
conftest.c:23:10: fatal error: 'ac_nonexistent.h' file not found
#include <ac_nonexistent.h>
         ^~~~~~~~~~~~~~~~~~
1 error generated.
configure:14112: $? = 1
configure: failed program was:
| /* confdefs.h */
| #define PACKAGE_NAME "libdwarf"
| #define PACKAGE_TARNAME "libdwarf"
| #define PACKAGE_VERSION "20180809"
| #define PACKAGE_STRING "libdwarf 20180809"
| #define PACKAGE_BUGREPORT "libdwarf-list -at- linuxmail -dot- org"
| #define PACKAGE_URL ""
| #define PACKAGE "libdwarf"
| #define VERSION "20180809"
| #define STDC_HEADERS 1
| #define HAVE_SYS_TYPES_H 1
| #define HAVE_SYS_STAT_H 1
| #define HAVE_STDLIB_H 1
| #define HAVE_STRING_H 1
| #define HAVE_MEMORY_H 1
| #define HAVE_STRINGS_H 1
| #define HAVE_INTTYPES_H 1
| #define HAVE_STDINT_H 1
| #define HAVE_UNISTD_H 1
| #define HAVE_DLFCN_H 1
| #define LT_OBJDIR ".libs/"
| /* end confdefs.h.  */
| #include <ac_nonexistent.h>
configure:14137: result: gcc -E
configure:14157: gcc -E  conftest.c
configure:14157: $? = 0
configure:14171: gcc -E  conftest.c
conftest.c:23:10: fatal error: 'ac_nonexistent.h' file not found
#include <ac_nonexistent.h>
         ^~~~~~~~~~~~~~~~~~
1 error generated.
configure:14171: $? = 1
configure: failed program was:
| /* confdefs.h */
| #define PACKAGE_NAME "libdwarf"
| #define PACKAGE_TARNAME "libdwarf"
| #define PACKAGE_VERSION "20180809"
| #define PACKAGE_STRING "libdwarf 20180809"
| #define PACKAGE_BUGREPORT "libdwarf-list -at- linuxmail -dot- org"
| #define PACKAGE_URL ""
| #define PACKAGE "libdwarf"
| #define VERSION "20180809"
| #define STDC_HEADERS 1
| #define HAVE_SYS_TYPES_H 1
| #define HAVE_SYS_STAT_H 1
| #define HAVE_STDLIB_H 1
| #define HAVE_STRING_H 1
| #define HAVE_MEMORY_H 1
| #define HAVE_STRINGS_H 1
| #define HAVE_INTTYPES_H 1
| #define HAVE_STDINT_H 1
| #define HAVE_UNISTD_H 1
| #define HAVE_DLFCN_H 1
| #define LT_OBJDIR ".libs/"
| /* end confdefs.h.  */
| #include <ac_nonexistent.h>
configure:14266: checking for g++
configure:14282: found /usr/bin/g++
configure:14293: result: g++
configure:14320: checking for C++ compiler version
configure:14329: g++ --version >&5
Apple LLVM version 10.0.0 (clang-1000.11.45.5)
Target: x86_64-apple-darwin18.2.0
Thread model: posix
InstalledDir: /Applications/Xcode.app/Contents/Developer/Toolchains/XcodeDefault.xctoolchain/usr/bin
Configured with: --prefix=/Applications/Xcode.app/Contents/Developer/usr --with-gxx-include-dir=/usr/include/c++/4.2.1
configure:14340: $? = 0
configure:14329: g++ -v >&5
Configured with: --prefix=/Applications/Xcode.app/Contents/Developer/usr --with-gxx-include-dir=/usr/include/c++/4.2.1
Apple LLVM version 10.0.0 (clang-1000.11.45.5)
Target: x86_64-apple-darwin18.2.0
Thread model: posix
InstalledDir: /Applications/Xcode.app/Contents/Developer/Toolchains/XcodeDefault.xctoolchain/usr/bin
configure:14340: $? = 0
configure:14329: g++ -V >&5
clang: error: argument to '-V' is missing (expected 1 value)
clang: error: no input files
configure:14340: $? = 1
configure:14329: g++ -qversion >&5
clang: error: unknown argument: '-qversion'
clang: error: no input files
configure:14340: $? = 1
configure:14344: checking whether we are using the GNU C++ compiler
configure:14363: g++ -c   conftest.cpp >&5
configure:14363: $? = 0
configure:14372: result: yes
configure:14381: checking whether g++ accepts -g
configure:14401: g++ -c -g  conftest.cpp >&5
configure:14401: $? = 0
configure:14442: result: yes
configure:14467: checking dependency style of g++
configure:14578: result: gcc3
configure:14611: checking how to run the C++ preprocessor
configure:14638: g++ -E  conftest.cpp
configure:14638: $? = 0
configure:14652: g++ -E  conftest.cpp
conftest.cpp:23:10: fatal error: 'ac_nonexistent.h' file not found
#include <ac_nonexistent.h>
         ^~~~~~~~~~~~~~~~~~
1 error generated.
configure:14652: $? = 1
configure: failed program was:
| /* confdefs.h */
| #define PACKAGE_NAME "libdwarf"
| #define PACKAGE_TARNAME "libdwarf"
| #define PACKAGE_VERSION "20180809"
| #define PACKAGE_STRING "libdwarf 20180809"
| #define PACKAGE_BUGREPORT "libdwarf-list -at- linuxmail -dot- org"
| #define PACKAGE_URL ""
| #define PACKAGE "libdwarf"
| #define VERSION "20180809"
| #define STDC_HEADERS 1
| #define HAVE_SYS_TYPES_H 1
| #define HAVE_SYS_STAT_H 1
| #define HAVE_STDLIB_H 1
| #define HAVE_STRING_H 1
| #define HAVE_MEMORY_H 1
| #define HAVE_STRINGS_H 1
| #define HAVE_INTTYPES_H 1
| #define HAVE_STDINT_H 1
| #define HAVE_UNISTD_H 1
| #define HAVE_DLFCN_H 1
| #define LT_OBJDIR ".libs/"
| /* end confdefs.h.  */
| #include <ac_nonexistent.h>
configure:14677: result: g++ -E
configure:14697: g++ -E  conftest.cpp
configure:14697: $? = 0
configure:14711: g++ -E  conftest.cpp
conftest.cpp:23:10: fatal error: 'ac_nonexistent.h' file not found
#include <ac_nonexistent.h>
         ^~~~~~~~~~~~~~~~~~
1 error generated.
configure:14711: $? = 1
configure: failed program was:
| /* confdefs.h */
| #define PACKAGE_NAME "libdwarf"
| #define PACKAGE_TARNAME "libdwarf"
| #define PACKAGE_VERSION "20180809"
| #define PACKAGE_STRING "libdwarf 20180809"
| #define PACKAGE_BUGREPORT "libdwarf-list -at- linuxmail -dot- org"
| #define PACKAGE_URL ""
| #define PACKAGE "libdwarf"
| #define VERSION "20180809"
| #define STDC_HEADERS 1
| #define HAVE_SYS_TYPES_H 1
| #define HAVE_SYS_STAT_H 1
| #define HAVE_STDLIB_H 1
| #define HAVE_STRING_H 1
| #define HAVE_MEMORY_H 1
| #define HAVE_STRINGS_H 1
| #define HAVE_INTTYPES_H 1
| #define HAVE_STDINT_H 1
| #define HAVE_UNISTD_H 1
| #define HAVE_DLFCN_H 1
| #define LT_OBJDIR ".libs/"
| /* end confdefs.h.  */
| #include <ac_nonexistent.h>
configure:14873: checking for ld used by g++
configure:14940: result: /Applications/Xcode.app/Contents/Developer/Toolchains/XcodeDefault.xctoolchain/usr/bin/ld
configure:14947: checking if the linker (/Applications/Xcode.app/Contents/Developer/Toolchains/XcodeDefault.xctoolchain/usr/bin/ld) is GNU ld
configure:14962: result: no
configure:15017: checking whether the g++ linker (/Applications/Xcode.app/Contents/Developer/Toolchains/XcodeDefault.xctoolchain/usr/bin/ld) supports shared libraries
configure:16090: result: yes
configure:16126: g++ -c -g -O2  conftest.cpp >&5
configure:16129: $? = 0
configure:16610: checking for g++ option to produce PIC
configure:16617: result: -fno-common -DPIC
configure:16625: checking if g++ PIC flag -fno-common -DPIC works
configure:16643: g++ -c -g -O2  -fno-common -DPIC -DPIC conftest.cpp >&5
configure:16647: $? = 0
configure:16660: result: yes
configure:16683: checking if g++ static flag -static works
configure:16711: result: no
configure:16723: checking if g++ supports -c -o file.o
configure:16744: g++ -c -g -O2  -o out/conftest2.o conftest.cpp >&5
configure:16748: $? = 0
configure:16770: result: yes
configure:16775: checking if g++ supports -c -o file.o
configure:16822: result: yes
configure:16852: checking whether the g++ linker (/Applications/Xcode.app/Contents/Developer/Toolchains/XcodeDefault.xctoolchain/usr/bin/ld) supports shared libraries
configure:16895: result: yes
configure:17036: checking dynamic linker characteristics
configure:17793: result: darwin18.2.0 dyld
configure:17858: checking how to hardcode library paths into programs
configure:17883: result: immediate
configure:17924: checking whether gcc and cc understand -c and -o together
configure:17955: gcc -c conftest.c -o conftest2.o >&5
configure:17959: $? = 0
configure:17965: gcc -c conftest.c -o conftest2.o >&5
configure:17969: $? = 0
configure:17980: cc -c conftest.c >&5
configure:17984: $? = 0
configure:17992: cc -c conftest.c -o conftest2.o >&5
configure:17996: $? = 0
configure:18002: cc -c conftest.c -o conftest2.o >&5
configure:18006: $? = 0
configure:18024: result: yes
configure:18048: checking for unistd.h
configure:18048: result: yes
configure:18048: checking for sys/types.h
configure:18048: result: yes
configure:18048: checking regex.h usability
configure:18048: gcc -c -fPIC -I/Users/schukin/src/crashlife/atoslife/ext/atoslife/dst/include  conftest.c >&5
configure:18048: $? = 0
configure:18048: result: yes
configure:18048: checking regex.h presence
configure:18048: gcc -E  conftest.c
configure:18048: $? = 0
configure:18048: result: yes
configure:18048: checking for regex.h
configure:18048: result: yes
configure:18060: checking sgidefs.h usability
configure:18060: gcc -c -fPIC -I/Users/schukin/src/crashlife/atoslife/ext/atoslife/dst/include  conftest.c >&5
conftest.c:59:10: fatal error: 'sgidefs.h' file not found
#include <sgidefs.h>
         ^~~~~~~~~~~
1 error generated.
configure:18060: $? = 1
configure: failed program was:
| /* confdefs.h */
| #define PACKAGE_NAME "libdwarf"
| #define PACKAGE_TARNAME "libdwarf"
| #define PACKAGE_VERSION "20180809"
| #define PACKAGE_STRING "libdwarf 20180809"
| #define PACKAGE_BUGREPORT "libdwarf-list -at- linuxmail -dot- org"
| #define PACKAGE_URL ""
| #define PACKAGE "libdwarf"
| #define VERSION "20180809"
| #define STDC_HEADERS 1
| #define HAVE_SYS_TYPES_H 1
| #define HAVE_SYS_STAT_H 1
| #define HAVE_STDLIB_H 1
| #define HAVE_STRING_H 1
| #define HAVE_MEMORY_H 1
| #define HAVE_STRINGS_H 1
| #define HAVE_INTTYPES_H 1
| #define HAVE_STDINT_H 1
| #define HAVE_UNISTD_H 1
| #define HAVE_DLFCN_H 1
| #define LT_OBJDIR ".libs/"
| #define HAVE_UNISTD_H 1
| #define HAVE_SYS_TYPES_H 1
| #define HAVE_REGEX_H 1
| /* end confdefs.h.  */
| #include <stdio.h>
| #ifdef HAVE_SYS_TYPES_H
| # include <sys/types.h>
| #endif
| #ifdef HAVE_SYS_STAT_H
| # include <sys/stat.h>
| #endif
| #ifdef STDC_HEADERS
| # include <stdlib.h>
| # include <stddef.h>
| #else
| # ifdef HAVE_STDLIB_H
| #  include <stdlib.h>
| # endif
| #endif
| #ifdef HAVE_STRING_H
| # if !defined STDC_HEADERS && defined HAVE_MEMORY_H
| #  include <memory.h>
| # endif
| # include <string.h>
| #endif
| #ifdef HAVE_STRINGS_H
| # include <strings.h>
| #endif
| #ifdef HAVE_INTTYPES_H
| # include <inttypes.h>
| #endif
| #ifdef HAVE_STDINT_H
| # include <stdint.h>
| #endif
| #ifdef HAVE_UNISTD_H
| # include <unistd.h>
| #endif
| #include <sgidefs.h>
configure:18060: result: no
configure:18060: checking sgidefs.h presence
configure:18060: gcc -E  conftest.c
conftest.c:26:10: fatal error: 'sgidefs.h' file not found
#include <sgidefs.h>
         ^~~~~~~~~~~
1 error generated.
configure:18060: $? = 1
configure: failed program was:
| /* confdefs.h */
| #define PACKAGE_NAME "libdwarf"
| #define PACKAGE_TARNAME "libdwarf"
| #define PACKAGE_VERSION "20180809"
| #define PACKAGE_STRING "libdwarf 20180809"
| #define PACKAGE_BUGREPORT "libdwarf-list -at- linuxmail -dot- org"
| #define PACKAGE_URL ""
| #define PACKAGE "libdwarf"
| #define VERSION "20180809"
| #define STDC_HEADERS 1
| #define HAVE_SYS_TYPES_H 1
| #define HAVE_SYS_STAT_H 1
| #define HAVE_STDLIB_H 1
| #define HAVE_STRING_H 1
| #define HAVE_MEMORY_H 1
| #define HAVE_STRINGS_H 1
| #define HAVE_INTTYPES_H 1
| #define HAVE_STDINT_H 1
| #define HAVE_UNISTD_H 1
| #define HAVE_DLFCN_H 1
| #define LT_OBJDIR ".libs/"
| #define HAVE_UNISTD_H 1
| #define HAVE_SYS_TYPES_H 1
| #define HAVE_REGEX_H 1
| /* end confdefs.h.  */
| #include <sgidefs.h>
configure:18060: result: no
configure:18060: checking for sgidefs.h
configure:18060: result: no
configure:18072: checking windows.h usability
configure:18072: gcc -c -fPIC -I/Users/schukin/src/crashlife/atoslife/ext/atoslife/dst/include  conftest.c >&5
conftest.c:59:10: fatal error: 'windows.h' file not found
#include <windows.h>
         ^~~~~~~~~~~
1 error generated.
configure:18072: $? = 1
configure: failed program was:
| /* confdefs.h */
| #define PACKAGE_NAME "libdwarf"
| #define PACKAGE_TARNAME "libdwarf"
| #define PACKAGE_VERSION "20180809"
| #define PACKAGE_STRING "libdwarf 20180809"
| #define PACKAGE_BUGREPORT "libdwarf-list -at- linuxmail -dot- org"
| #define PACKAGE_URL ""
| #define PACKAGE "libdwarf"
| #define VERSION "20180809"
| #define STDC_HEADERS 1
| #define HAVE_SYS_TYPES_H 1
| #define HAVE_SYS_STAT_H 1
| #define HAVE_STDLIB_H 1
| #define HAVE_STRING_H 1
| #define HAVE_MEMORY_H 1
| #define HAVE_STRINGS_H 1
| #define HAVE_INTTYPES_H 1
| #define HAVE_STDINT_H 1
| #define HAVE_UNISTD_H 1
| #define HAVE_DLFCN_H 1
| #define LT_OBJDIR ".libs/"
| #define HAVE_UNISTD_H 1
| #define HAVE_SYS_TYPES_H 1
| #define HAVE_REGEX_H 1
| /* end confdefs.h.  */
| #include <stdio.h>
| #ifdef HAVE_SYS_TYPES_H
| # include <sys/types.h>
| #endif
| #ifdef HAVE_SYS_STAT_H
| # include <sys/stat.h>
| #endif
| #ifdef STDC_HEADERS
| # include <stdlib.h>
| # include <stddef.h>
| #else
| # ifdef HAVE_STDLIB_H
| #  include <stdlib.h>
| # endif
| #endif
| #ifdef HAVE_STRING_H
| # if !defined STDC_HEADERS && defined HAVE_MEMORY_H
| #  include <memory.h>
| # endif
| # include <string.h>
| #endif
| #ifdef HAVE_STRINGS_H
| # include <strings.h>
| #endif
| #ifdef HAVE_INTTYPES_H
| # include <inttypes.h>
| #endif
| #ifdef HAVE_STDINT_H
| # include <stdint.h>
| #endif
| #ifdef HAVE_UNISTD_H
| # include <unistd.h>
| #endif
| #include <windows.h>
configure:18072: result: no
configure:18072: checking windows.h presence
configure:18072: gcc -E  conftest.c
conftest.c:26:10: fatal error: 'windows.h' file not found
#include <windows.h>
         ^~~~~~~~~~~
1 error generated.
configure:18072: $? = 1
configure: failed program was:
| /* confdefs.h */
| #define PACKAGE_NAME "libdwarf"
| #define PACKAGE_TARNAME "libdwarf"
| #define PACKAGE_VERSION "20180809"
| #define PACKAGE_STRING "libdwarf 20180809"
| #define PACKAGE_BUGREPORT "libdwarf-list -at- linuxmail -dot- org"
| #define PACKAGE_URL ""
| #define PACKAGE "libdwarf"
| #define VERSION "20180809"
| #define STDC_HEADERS 1
| #define HAVE_SYS_TYPES_H 1
| #define HAVE_SYS_STAT_H 1
| #define HAVE_STDLIB_H 1
| #define HAVE_STRING_H 1
| #define HAVE_MEMORY_H 1
| #define HAVE_STRINGS_H 1
| #define HAVE_INTTYPES_H 1
| #define HAVE_STDINT_H 1
| #define HAVE_UNISTD_H 1
| #define HAVE_DLFCN_H 1
| #define LT_OBJDIR ".libs/"
| #define HAVE_UNISTD_H 1
| #define HAVE_SYS_TYPES_H 1
| #define HAVE_REGEX_H 1
| /* end confdefs.h.  */
| #include <windows.h>
configure:18072: result: no
configure:18072: checking for windows.h
configure:18072: result: no
configure:18091: checking libelf.h usability
configure:18091: gcc -c -fPIC -I/Users/schukin/src/crashlife/atoslife/ext/atoslife/dst/include  conftest.c >&5
configure:18091: $? = 0
configure:18091: result: yes
configure:18091: checking libelf.h presence
configure:18091: gcc -E  conftest.c
configure:18091: $? = 0
configure:18091: result: yes
configure:18091: checking for libelf.h
configure:18091: result: yes
configure:18091: checking libelf/libelf.h usability
configure:18091: gcc -c -fPIC -I/Users/schukin/src/crashlife/atoslife/ext/atoslife/dst/include  conftest.c >&5
configure:18091: $? = 0
configure:18091: result: yes
configure:18091: checking libelf/libelf.h presence
configure:18091: gcc -E  conftest.c
configure:18091: $? = 0
configure:18091: result: yes
configure:18091: checking for libelf/libelf.h
configure:18091: result: yes
configure:18107: checking zlib.h usability
configure:18107: gcc -c -fPIC -I/Users/schukin/src/crashlife/atoslife/ext/atoslife/dst/include  conftest.c >&5
configure:18107: $? = 0
configure:18107: result: yes
configure:18107: checking zlib.h presence
configure:18107: gcc -E  conftest.c
configure:18107: $? = 0
configure:18107: result: yes
configure:18107: checking for zlib.h
configure:18107: result: yes
configure:18126: checking elf.h usability
configure:18126: gcc -c -fPIC -I/Users/schukin/src/crashlife/atoslife/ext/atoslife/dst/include  conftest.c >&5
conftest.c:62:10: fatal error: 'elf.h' file not found
#include <elf.h>
         ^~~~~~~
1 error generated.
configure:18126: $? = 1
configure: failed program was:
| /* confdefs.h */
| #define PACKAGE_NAME "libdwarf"
| #define PACKAGE_TARNAME "libdwarf"
| #define PACKAGE_VERSION "20180809"
| #define PACKAGE_STRING "libdwarf 20180809"
| #define PACKAGE_BUGREPORT "libdwarf-list -at- linuxmail -dot- org"
| #define PACKAGE_URL ""
| #define PACKAGE "libdwarf"
| #define VERSION "20180809"
| #define STDC_HEADERS 1
| #define HAVE_SYS_TYPES_H 1
| #define HAVE_SYS_STAT_H 1
| #define HAVE_STDLIB_H 1
| #define HAVE_STRING_H 1
| #define HAVE_MEMORY_H 1
| #define HAVE_STRINGS_H 1
| #define HAVE_INTTYPES_H 1
| #define HAVE_STDINT_H 1
| #define HAVE_UNISTD_H 1
| #define HAVE_DLFCN_H 1
| #define LT_OBJDIR ".libs/"
| #define HAVE_UNISTD_H 1
| #define HAVE_SYS_TYPES_H 1
| #define HAVE_REGEX_H 1
| #define HAVE_LIBELF_H 1
| #define HAVE_LIBELF_LIBELF_H 1
| #define HAVE_ZLIB_H 1
| /* end confdefs.h.  */
| #include <stdio.h>
| #ifdef HAVE_SYS_TYPES_H
| # include <sys/types.h>
| #endif
| #ifdef HAVE_SYS_STAT_H
| # include <sys/stat.h>
| #endif
| #ifdef STDC_HEADERS
| # include <stdlib.h>
| # include <stddef.h>
| #else
| # ifdef HAVE_STDLIB_H
| #  include <stdlib.h>
| # endif
| #endif
| #ifdef HAVE_STRING_H
| # if !defined STDC_HEADERS && defined HAVE_MEMORY_H
| #  include <memory.h>
| # endif
| # include <string.h>
| #endif
| #ifdef HAVE_STRINGS_H
| # include <strings.h>
| #endif
| #ifdef HAVE_INTTYPES_H
| # include <inttypes.h>
| #endif
| #ifdef HAVE_STDINT_H
| # include <stdint.h>
| #endif
| #ifdef HAVE_UNISTD_H
| # include <unistd.h>
| #endif
| #include <elf.h>
configure:18126: result: no
configure:18126: checking elf.h presence
configure:18126: gcc -E  conftest.c
conftest.c:29:10: fatal error: 'elf.h' file not found
#include <elf.h>
         ^~~~~~~
1 error generated.
configure:18126: $? = 1
configure: failed program was:
| /* confdefs.h */
| #define PACKAGE_NAME "libdwarf"
| #define PACKAGE_TARNAME "libdwarf"
| #define PACKAGE_VERSION "20180809"
| #define PACKAGE_STRING "libdwarf 20180809"
| #define PACKAGE_BUGREPORT "libdwarf-list -at- linuxmail -dot- org"
| #define PACKAGE_URL ""
| #define PACKAGE "libdwarf"
| #define VERSION "20180809"
| #define STDC_HEADERS 1
| #define HAVE_SYS_TYPES_H 1
| #define HAVE_SYS_STAT_H 1
| #define HAVE_STDLIB_H 1
| #define HAVE_STRING_H 1
| #define HAVE_MEMORY_H 1
| #define HAVE_STRINGS_H 1
| #define HAVE_INTTYPES_H 1
| #define HAVE_STDINT_H 1
| #define HAVE_UNISTD_H 1
| #define HAVE_DLFCN_H 1
| #define LT_OBJDIR ".libs/"
| #define HAVE_UNISTD_H 1
| #define HAVE_SYS_TYPES_H 1
| #define HAVE_REGEX_H 1
| #define HAVE_LIBELF_H 1
| #define HAVE_LIBELF_LIBELF_H 1
| #define HAVE_ZLIB_H 1
| /* end confdefs.h.  */
| #include <elf.h>
configure:18126: result: no
configure:18126: checking for elf.h
configure:18126: result: no
configure:18126: checking elfaccess.h usability
configure:18126: gcc -c -fPIC -I/Users/schukin/src/crashlife/atoslife/ext/atoslife/dst/include  conftest.c >&5
conftest.c:62:10: fatal error: 'elfaccess.h' file not found
#include <elfaccess.h>
         ^~~~~~~~~~~~~
1 error generated.
configure:18126: $? = 1
configure: failed program was:
| /* confdefs.h */
| #define PACKAGE_NAME "libdwarf"
| #define PACKAGE_TARNAME "libdwarf"
| #define PACKAGE_VERSION "20180809"
| #define PACKAGE_STRING "libdwarf 20180809"
| #define PACKAGE_BUGREPORT "libdwarf-list -at- linuxmail -dot- org"
| #define PACKAGE_URL ""
| #define PACKAGE "libdwarf"
| #define VERSION "20180809"
| #define STDC_HEADERS 1
| #define HAVE_SYS_TYPES_H 1
| #define HAVE_SYS_STAT_H 1
| #define HAVE_STDLIB_H 1
| #define HAVE_STRING_H 1
| #define HAVE_MEMORY_H 1
| #define HAVE_STRINGS_H 1
| #define HAVE_INTTYPES_H 1
| #define HAVE_STDINT_H 1
| #define HAVE_UNISTD_H 1
| #define HAVE_DLFCN_H 1
| #define LT_OBJDIR ".libs/"
| #define HAVE_UNISTD_H 1
| #define HAVE_SYS_TYPES_H 1
| #define HAVE_REGEX_H 1
| #define HAVE_LIBELF_H 1
| #define HAVE_LIBELF_LIBELF_H 1
| #define HAVE_ZLIB_H 1
| /* end confdefs.h.  */
| #include <stdio.h>
| #ifdef HAVE_SYS_TYPES_H
| # include <sys/types.h>
| #endif
| #ifdef HAVE_SYS_STAT_H
| # include <sys/stat.h>
| #endif
| #ifdef STDC_HEADERS
| # include <stdlib.h>
| # include <stddef.h>
| #else
| # ifdef HAVE_STDLIB_H
| #  include <stdlib.h>
| # endif
| #endif
| #ifdef HAVE_STRING_H
| # if !defined STDC_HEADERS && defined HAVE_MEMORY_H
| #  include <memory.h>
| # endif
| # include <string.h>
| #endif
| #ifdef HAVE_STRINGS_H
| # include <strings.h>
| #endif
| #ifdef HAVE_INTTYPES_H
| # include <inttypes.h>
| #endif
| #ifdef HAVE_STDINT_H
| # include <stdint.h>
| #endif
| #ifdef HAVE_UNISTD_H
| # include <unistd.h>
| #endif
| #include <elfaccess.h>
configure:18126: result: no
configure:18126: checking elfaccess.h presence
configure:18126: gcc -E  conftest.c
conftest.c:29:10: fatal error: 'elfaccess.h' file not found
#include <elfaccess.h>
         ^~~~~~~~~~~~~
1 error generated.
configure:18126: $? = 1
configure: failed program was:
| /* confdefs.h */
| #define PACKAGE_NAME "libdwarf"
| #define PACKAGE_TARNAME "libdwarf"
| #define PACKAGE_VERSION "20180809"
| #define PACKAGE_STRING "libdwarf 20180809"
| #define PACKAGE_BUGREPORT "libdwarf-list -at- linuxmail -dot- org"
| #define PACKAGE_URL ""
| #define PACKAGE "libdwarf"
| #define VERSION "20180809"
| #define STDC_HEADERS 1
| #define HAVE_SYS_TYPES_H 1
| #define HAVE_SYS_STAT_H 1
| #define HAVE_STDLIB_H 1
| #define HAVE_STRING_H 1
| #define HAVE_MEMORY_H 1
| #define HAVE_STRINGS_H 1
| #define HAVE_INTTYPES_H 1
| #define HAVE_STDINT_H 1
| #define HAVE_UNISTD_H 1
| #define HAVE_DLFCN_H 1
| #define LT_OBJDIR ".libs/"
| #define HAVE_UNISTD_H 1
| #define HAVE_SYS_TYPES_H 1
| #define HAVE_REGEX_H 1
| #define HAVE_LIBELF_H 1
| #define HAVE_LIBELF_LIBELF_H 1
| #define HAVE_ZLIB_H 1
| /* end confdefs.h.  */
| #include <elfaccess.h>
configure:18126: result: no
configure:18126: checking for elfaccess.h
configure:18126: result: no
configure:18126: checking sys/elf_386.h usability
configure:18126: gcc -c -fPIC -I/Users/schukin/src/crashlife/atoslife/ext/atoslife/dst/include  conftest.c >&5
conftest.c:62:10: fatal error: 'sys/elf_386.h' file not found
#include <sys/elf_386.h>
         ^~~~~~~~~~~~~~~
1 error generated.
configure:18126: $? = 1
configure: failed program was:
| /* confdefs.h */
| #define PACKAGE_NAME "libdwarf"
| #define PACKAGE_TARNAME "libdwarf"
| #define PACKAGE_VERSION "20180809"
| #define PACKAGE_STRING "libdwarf 20180809"
| #define PACKAGE_BUGREPORT "libdwarf-list -at- linuxmail -dot- org"
| #define PACKAGE_URL ""
| #define PACKAGE "libdwarf"
| #define VERSION "20180809"
| #define STDC_HEADERS 1
| #define HAVE_SYS_TYPES_H 1
| #define HAVE_SYS_STAT_H 1
| #define HAVE_STDLIB_H 1
| #define HAVE_STRING_H 1
| #define HAVE_MEMORY_H 1
| #define HAVE_STRINGS_H 1
| #define HAVE_INTTYPES_H 1
| #define HAVE_STDINT_H 1
| #define HAVE_UNISTD_H 1
| #define HAVE_DLFCN_H 1
| #define LT_OBJDIR ".libs/"
| #define HAVE_UNISTD_H 1
| #define HAVE_SYS_TYPES_H 1
| #define HAVE_REGEX_H 1
| #define HAVE_LIBELF_H 1
| #define HAVE_LIBELF_LIBELF_H 1
| #define HAVE_ZLIB_H 1
| /* end confdefs.h.  */
| #include <stdio.h>
| #ifdef HAVE_SYS_TYPES_H
| # include <sys/types.h>
| #endif
| #ifdef HAVE_SYS_STAT_H
| # include <sys/stat.h>
| #endif
| #ifdef STDC_HEADERS
| # include <stdlib.h>
| # include <stddef.h>
| #else
| # ifdef HAVE_STDLIB_H
| #  include <stdlib.h>
| # endif
| #endif
| #ifdef HAVE_STRING_H
| # if !defined STDC_HEADERS && defined HAVE_MEMORY_H
| #  include <memory.h>
| # endif
| # include <string.h>
| #endif
| #ifdef HAVE_STRINGS_H
| # include <strings.h>
| #endif
| #ifdef HAVE_INTTYPES_H
| # include <inttypes.h>
| #endif
| #ifdef HAVE_STDINT_H
| # include <stdint.h>
| #endif
| #ifdef HAVE_UNISTD_H
| # include <unistd.h>
| #endif
| #include <sys/elf_386.h>
configure:18126: result: no
configure:18126: checking sys/elf_386.h presence
configure:18126: gcc -E  conftest.c
conftest.c:29:10: fatal error: 'sys/elf_386.h' file not found
#include <sys/elf_386.h>
         ^~~~~~~~~~~~~~~
1 error generated.
configure:18126: $? = 1
configure: failed program was:
| /* confdefs.h */
| #define PACKAGE_NAME "libdwarf"
| #define PACKAGE_TARNAME "libdwarf"
| #define PACKAGE_VERSION "20180809"
| #define PACKAGE_STRING "libdwarf 20180809"
| #define PACKAGE_BUGREPORT "libdwarf-list -at- linuxmail -dot- org"
| #define PACKAGE_URL ""
| #define PACKAGE "libdwarf"
| #define VERSION "20180809"
| #define STDC_HEADERS 1
| #define HAVE_SYS_TYPES_H 1
| #define HAVE_SYS_STAT_H 1
| #define HAVE_STDLIB_H 1
| #define HAVE_STRING_H 1
| #define HAVE_MEMORY_H 1
| #define HAVE_STRINGS_H 1
| #define HAVE_INTTYPES_H 1
| #define HAVE_STDINT_H 1
| #define HAVE_UNISTD_H 1
| #define HAVE_DLFCN_H 1
| #define LT_OBJDIR ".libs/"
| #define HAVE_UNISTD_H 1
| #define HAVE_SYS_TYPES_H 1
| #define HAVE_REGEX_H 1
| #define HAVE_LIBELF_H 1
| #define HAVE_LIBELF_LIBELF_H 1
| #define HAVE_ZLIB_H 1
| /* end confdefs.h.  */
| #include <sys/elf_386.h>
configure:18126: result: no
configure:18126: checking for sys/elf_386.h
configure:18126: result: no
configure:18126: checking sys/elf_amd64.h usability
configure:18126: gcc -c -fPIC -I/Users/schukin/src/crashlife/atoslife/ext/atoslife/dst/include  conftest.c >&5
conftest.c:62:10: fatal error: 'sys/elf_amd64.h' file not found
#include <sys/elf_amd64.h>
         ^~~~~~~~~~~~~~~~~
1 error generated.
configure:18126: $? = 1
configure: failed program was:
| /* confdefs.h */
| #define PACKAGE_NAME "libdwarf"
| #define PACKAGE_TARNAME "libdwarf"
| #define PACKAGE_VERSION "20180809"
| #define PACKAGE_STRING "libdwarf 20180809"
| #define PACKAGE_BUGREPORT "libdwarf-list -at- linuxmail -dot- org"
| #define PACKAGE_URL ""
| #define PACKAGE "libdwarf"
| #define VERSION "20180809"
| #define STDC_HEADERS 1
| #define HAVE_SYS_TYPES_H 1
| #define HAVE_SYS_STAT_H 1
| #define HAVE_STDLIB_H 1
| #define HAVE_STRING_H 1
| #define HAVE_MEMORY_H 1
| #define HAVE_STRINGS_H 1
| #define HAVE_INTTYPES_H 1
| #define HAVE_STDINT_H 1
| #define HAVE_UNISTD_H 1
| #define HAVE_DLFCN_H 1
| #define LT_OBJDIR ".libs/"
| #define HAVE_UNISTD_H 1
| #define HAVE_SYS_TYPES_H 1
| #define HAVE_REGEX_H 1
| #define HAVE_LIBELF_H 1
| #define HAVE_LIBELF_LIBELF_H 1
| #define HAVE_ZLIB_H 1
| /* end confdefs.h.  */
| #include <stdio.h>
| #ifdef HAVE_SYS_TYPES_H
| # include <sys/types.h>
| #endif
| #ifdef HAVE_SYS_STAT_H
| # include <sys/stat.h>
| #endif
| #ifdef STDC_HEADERS
| # include <stdlib.h>
| # include <stddef.h>
| #else
| # ifdef HAVE_STDLIB_H
| #  include <stdlib.h>
| # endif
| #endif
| #ifdef HAVE_STRING_H
| # if !defined STDC_HEADERS && defined HAVE_MEMORY_H
| #  include <memory.h>
| # endif
| # include <string.h>
| #endif
| #ifdef HAVE_STRINGS_H
| # include <strings.h>
| #endif
| #ifdef HAVE_INTTYPES_H
| # include <inttypes.h>
| #endif
| #ifdef HAVE_STDINT_H
| # include <stdint.h>
| #endif
| #ifdef HAVE_UNISTD_H
| # include <unistd.h>
| #endif
| #include <sys/elf_amd64.h>
configure:18126: result: no
configure:18126: checking sys/elf_amd64.h presence
configure:18126: gcc -E  conftest.c
conftest.c:29:10: fatal error: 'sys/elf_amd64.h' file not found
#include <sys/elf_amd64.h>
         ^~~~~~~~~~~~~~~~~
1 error generated.
configure:18126: $? = 1
configure: failed program was:
| /* confdefs.h */
| #define PACKAGE_NAME "libdwarf"
| #define PACKAGE_TARNAME "libdwarf"
| #define PACKAGE_VERSION "20180809"
| #define PACKAGE_STRING "libdwarf 20180809"
| #define PACKAGE_BUGREPORT "libdwarf-list -at- linuxmail -dot- org"
| #define PACKAGE_URL ""
| #define PACKAGE "libdwarf"
| #define VERSION "20180809"
| #define STDC_HEADERS 1
| #define HAVE_SYS_TYPES_H 1
| #define HAVE_SYS_STAT_H 1
| #define HAVE_STDLIB_H 1
| #define HAVE_STRING_H 1
| #define HAVE_MEMORY_H 1
| #define HAVE_STRINGS_H 1
| #define HAVE_INTTYPES_H 1
| #define HAVE_STDINT_H 1
| #define HAVE_UNISTD_H 1
| #define HAVE_DLFCN_H 1
| #define LT_OBJDIR ".libs/"
| #define HAVE_UNISTD_H 1
| #define HAVE_SYS_TYPES_H 1
| #define HAVE_REGEX_H 1
| #define HAVE_LIBELF_H 1
| #define HAVE_LIBELF_LIBELF_H 1
| #define HAVE_ZLIB_H 1
| /* end confdefs.h.  */
| #include <sys/elf_amd64.h>
configure:18126: result: no
configure:18126: checking for sys/elf_amd64.h
configure:18126: result: no
configure:18126: checking sys/elf_SPARC.h usability
configure:18126: gcc -c -fPIC -I/Users/schukin/src/crashlife/atoslife/ext/atoslife/dst/include  conftest.c >&5
conftest.c:62:10: fatal error: 'sys/elf_SPARC.h' file not found
#include <sys/elf_SPARC.h>
         ^~~~~~~~~~~~~~~~~
1 error generated.
configure:18126: $? = 1
configure: failed program was:
| /* confdefs.h */
| #define PACKAGE_NAME "libdwarf"
| #define PACKAGE_TARNAME "libdwarf"
| #define PACKAGE_VERSION "20180809"
| #define PACKAGE_STRING "libdwarf 20180809"
| #define PACKAGE_BUGREPORT "libdwarf-list -at- linuxmail -dot- org"
| #define PACKAGE_URL ""
| #define PACKAGE "libdwarf"
| #define VERSION "20180809"
| #define STDC_HEADERS 1
| #define HAVE_SYS_TYPES_H 1
| #define HAVE_SYS_STAT_H 1
| #define HAVE_STDLIB_H 1
| #define HAVE_STRING_H 1
| #define HAVE_MEMORY_H 1
| #define HAVE_STRINGS_H 1
| #define HAVE_INTTYPES_H 1
| #define HAVE_STDINT_H 1
| #define HAVE_UNISTD_H 1
| #define HAVE_DLFCN_H 1
| #define LT_OBJDIR ".libs/"
| #define HAVE_UNISTD_H 1
| #define HAVE_SYS_TYPES_H 1
| #define HAVE_REGEX_H 1
| #define HAVE_LIBELF_H 1
| #define HAVE_LIBELF_LIBELF_H 1
| #define HAVE_ZLIB_H 1
| /* end confdefs.h.  */
| #include <stdio.h>
| #ifdef HAVE_SYS_TYPES_H
| # include <sys/types.h>
| #endif
| #ifdef HAVE_SYS_STAT_H
| # include <sys/stat.h>
| #endif
| #ifdef STDC_HEADERS
| # include <stdlib.h>
| # include <stddef.h>
| #else
| # ifdef HAVE_STDLIB_H
| #  include <stdlib.h>
| # endif
| #endif
| #ifdef HAVE_STRING_H
| # if !defined STDC_HEADERS && defined HAVE_MEMORY_H
| #  include <memory.h>
| # endif
| # include <string.h>
| #endif
| #ifdef HAVE_STRINGS_H
| # include <strings.h>
| #endif
| #ifdef HAVE_INTTYPES_H
| # include <inttypes.h>
| #endif
| #ifdef HAVE_STDINT_H
| # include <stdint.h>
| #endif
| #ifdef HAVE_UNISTD_H
| # include <unistd.h>
| #endif
| #include <sys/elf_SPARC.h>
configure:18126: result: no
configure:18126: checking sys/elf_SPARC.h presence
configure:18126: gcc -E  conftest.c
conftest.c:29:10: fatal error: 'sys/elf_SPARC.h' file not found
#include <sys/elf_SPARC.h>
         ^~~~~~~~~~~~~~~~~
1 error generated.
configure:18126: $? = 1
configure: failed program was:
| /* confdefs.h */
| #define PACKAGE_NAME "libdwarf"
| #define PACKAGE_TARNAME "libdwarf"
| #define PACKAGE_VERSION "20180809"
| #define PACKAGE_STRING "libdwarf 20180809"
| #define PACKAGE_BUGREPORT "libdwarf-list -at- linuxmail -dot- org"
| #define PACKAGE_URL ""
| #define PACKAGE "libdwarf"
| #define VERSION "20180809"
| #define STDC_HEADERS 1
| #define HAVE_SYS_TYPES_H 1
| #define HAVE_SYS_STAT_H 1
| #define HAVE_STDLIB_H 1
| #define HAVE_STRING_H 1
| #define HAVE_MEMORY_H 1
| #define HAVE_STRINGS_H 1
| #define HAVE_INTTYPES_H 1
| #define HAVE_STDINT_H 1
| #define HAVE_UNISTD_H 1
| #define HAVE_DLFCN_H 1
| #define LT_OBJDIR ".libs/"
| #define HAVE_UNISTD_H 1
| #define HAVE_SYS_TYPES_H 1
| #define HAVE_REGEX_H 1
| #define HAVE_LIBELF_H 1
| #define HAVE_LIBELF_LIBELF_H 1
| #define HAVE_ZLIB_H 1
| /* end confdefs.h.  */
| #include <sys/elf_SPARC.h>
configure:18126: result: no
configure:18126: checking for sys/elf_SPARC.h
configure:18126: result: no
configure:18126: checking sys/ia64/elf.h usability
configure:18126: gcc -c -fPIC -I/Users/schukin/src/crashlife/atoslife/ext/atoslife/dst/include  conftest.c >&5
conftest.c:62:10: fatal error: 'sys/ia64/elf.h' file not found
#include <sys/ia64/elf.h>
         ^~~~~~~~~~~~~~~~
1 error generated.
configure:18126: $? = 1
configure: failed program was:
| /* confdefs.h */
| #define PACKAGE_NAME "libdwarf"
| #define PACKAGE_TARNAME "libdwarf"
| #define PACKAGE_VERSION "20180809"
| #define PACKAGE_STRING "libdwarf 20180809"
| #define PACKAGE_BUGREPORT "libdwarf-list -at- linuxmail -dot- org"
| #define PACKAGE_URL ""
| #define PACKAGE "libdwarf"
| #define VERSION "20180809"
| #define STDC_HEADERS 1
| #define HAVE_SYS_TYPES_H 1
| #define HAVE_SYS_STAT_H 1
| #define HAVE_STDLIB_H 1
| #define HAVE_STRING_H 1
| #define HAVE_MEMORY_H 1
| #define HAVE_STRINGS_H 1
| #define HAVE_INTTYPES_H 1
| #define HAVE_STDINT_H 1
| #define HAVE_UNISTD_H 1
| #define HAVE_DLFCN_H 1
| #define LT_OBJDIR ".libs/"
| #define HAVE_UNISTD_H 1
| #define HAVE_SYS_TYPES_H 1
| #define HAVE_REGEX_H 1
| #define HAVE_LIBELF_H 1
| #define HAVE_LIBELF_LIBELF_H 1
| #define HAVE_ZLIB_H 1
| /* end confdefs.h.  */
| #include <stdio.h>
| #ifdef HAVE_SYS_TYPES_H
| # include <sys/types.h>
| #endif
| #ifdef HAVE_SYS_STAT_H
| # include <sys/stat.h>
| #endif
| #ifdef STDC_HEADERS
| # include <stdlib.h>
| # include <stddef.h>
| #else
| # ifdef HAVE_STDLIB_H
| #  include <stdlib.h>
| # endif
| #endif
| #ifdef HAVE_STRING_H
| # if !defined STDC_HEADERS && defined HAVE_MEMORY_H
| #  include <memory.h>
| # endif
| # include <string.h>
| #endif
| #ifdef HAVE_STRINGS_H
| # include <strings.h>
| #endif
| #ifdef HAVE_INTTYPES_H
| # include <inttypes.h>
| #endif
| #ifdef HAVE_STDINT_H
| # include <stdint.h>
| #endif
| #ifdef HAVE_UNISTD_H
| # include <unistd.h>
| #endif
| #include <sys/ia64/elf.h>
configure:18126: result: no
configure:18126: checking sys/ia64/elf.h presence
configure:18126: gcc -E  conftest.c
conftest.c:29:10: fatal error: 'sys/ia64/elf.h' file not found
#include <sys/ia64/elf.h>
         ^~~~~~~~~~~~~~~~
1 error generated.
configure:18126: $? = 1
configure: failed program was:
| /* confdefs.h */
| #define PACKAGE_NAME "libdwarf"
| #define PACKAGE_TARNAME "libdwarf"
| #define PACKAGE_VERSION "20180809"
| #define PACKAGE_STRING "libdwarf 20180809"
| #define PACKAGE_BUGREPORT "libdwarf-list -at- linuxmail -dot- org"
| #define PACKAGE_URL ""
| #define PACKAGE "libdwarf"
| #define VERSION "20180809"
| #define STDC_HEADERS 1
| #define HAVE_SYS_TYPES_H 1
| #define HAVE_SYS_STAT_H 1
| #define HAVE_STDLIB_H 1
| #define HAVE_STRING_H 1
| #define HAVE_MEMORY_H 1
| #define HAVE_STRINGS_H 1
| #define HAVE_INTTYPES_H 1
| #define HAVE_STDINT_H 1
| #define HAVE_UNISTD_H 1
| #define HAVE_DLFCN_H 1
| #define LT_OBJDIR ".libs/"
| #define HAVE_UNISTD_H 1
| #define HAVE_SYS_TYPES_H 1
| #define HAVE_REGEX_H 1
| #define HAVE_LIBELF_H 1
| #define HAVE_LIBELF_LIBELF_H 1
| #define HAVE_ZLIB_H 1
| /* end confdefs.h.  */
| #include <sys/ia64/elf.h>
configure:18126: result: no
configure:18126: checking for sys/ia64/elf.h
configure:18126: result: no
configure:18173: gcc -c -fPIC -I/Users/schukin/src/crashlife/atoslife/ext/atoslife/dst/include  conftest.c >&5
conftest.c:35:1: error: unknown type name '__uint32_t'; did you mean '__uint128_t'?
__uint32_t p = 2;
^~~~~~~~~~
__uint128_t
note: '__uint128_t' declared here
1 error generated.
configure:18173: $? = 1
configure: failed program was:
| /* confdefs.h */
| #define PACKAGE_NAME "libdwarf"
| #define PACKAGE_TARNAME "libdwarf"
| #define PACKAGE_VERSION "20180809"
| #define PACKAGE_STRING "libdwarf 20180809"
| #define PACKAGE_BUGREPORT "libdwarf-list -at- linuxmail -dot- org"
| #define PACKAGE_URL ""
| #define PACKAGE "libdwarf"
| #define VERSION "20180809"
| #define STDC_HEADERS 1
| #define HAVE_SYS_TYPES_H 1
| #define HAVE_SYS_STAT_H 1
| #define HAVE_STDLIB_H 1
| #define HAVE_STRING_H 1
| #define HAVE_MEMORY_H 1
| #define HAVE_STRINGS_H 1
| #define HAVE_INTTYPES_H 1
| #define HAVE_STDINT_H 1
| #define HAVE_UNISTD_H 1
| #define HAVE_DLFCN_H 1
| #define LT_OBJDIR ".libs/"
| #define HAVE_UNISTD_H 1
| #define HAVE_SYS_TYPES_H 1
| #define HAVE_REGEX_H 1
| #define HAVE_LIBELF_H 1
| #define HAVE_LIBELF_LIBELF_H 1
| #define HAVE_ZLIB_H 1
| /* end confdefs.h.  */
| 
| 
| int
| main ()
| {
| 
| __uint32_t p = 2;
| 
|   ;
|   return 0;
| }
| 
configure:18185: checking for __uint32_t is defined by the OS
configure:18187: result: no
configure:18210: gcc -c -fPIC -I/Users/schukin/src/crashlife/atoslife/ext/atoslife/dst/include  conftest.c >&5
configure:18210: $? = 0
configure:18222: checking for __uint32_t in sys/types.h
configure:18224: result: yes
configure:18284: gcc -c -fPIC -I/Users/schukin/src/crashlife/atoslife/ext/atoslife/dst/include  conftest.c >&5
conftest.c:36:1: error: unknown type name '__uint64_t'; did you mean '__uint128_t'?
__uint64_t p = 2;
^~~~~~~~~~
__uint128_t
note: '__uint128_t' declared here
1 error generated.
configure:18284: $? = 1
configure: failed program was:
| /* confdefs.h */
| #define PACKAGE_NAME "libdwarf"
| #define PACKAGE_TARNAME "libdwarf"
| #define PACKAGE_VERSION "20180809"
| #define PACKAGE_STRING "libdwarf 20180809"
| #define PACKAGE_BUGREPORT "libdwarf-list -at- linuxmail -dot- org"
| #define PACKAGE_URL ""
| #define PACKAGE "libdwarf"
| #define VERSION "20180809"
| #define STDC_HEADERS 1
| #define HAVE_SYS_TYPES_H 1
| #define HAVE_SYS_STAT_H 1
| #define HAVE_STDLIB_H 1
| #define HAVE_STRING_H 1
| #define HAVE_MEMORY_H 1
| #define HAVE_STRINGS_H 1
| #define HAVE_INTTYPES_H 1
| #define HAVE_STDINT_H 1
| #define HAVE_UNISTD_H 1
| #define HAVE_DLFCN_H 1
| #define LT_OBJDIR ".libs/"
| #define HAVE_UNISTD_H 1
| #define HAVE_SYS_TYPES_H 1
| #define HAVE_REGEX_H 1
| #define HAVE_LIBELF_H 1
| #define HAVE_LIBELF_LIBELF_H 1
| #define HAVE_ZLIB_H 1
| #define HAVE___UINT32_T_IN_SYS_TYPES_H 1
| /* end confdefs.h.  */
| 
| 
| int
| main ()
| {
| 
| __uint64_t p = 2;
| 
|   ;
|   return 0;
| }
| 
configure:18296: checking for __uint64_t is defined by the OS
configure:18298: result: no
configure:18321: gcc -c -fPIC -I/Users/schukin/src/crashlife/atoslife/ext/atoslife/dst/include  conftest.c >&5
configure:18321: $? = 0
configure:18333: checking for __uint64_t in sys/types.h
configure:18335: result: yes
configure:18404: gcc -o conftest -fPIC -I/Users/schukin/src/crashlife/atoslife/ext/atoslife/dst/include  -L/Users/schukin/src/crashlife/atoslife/ext/atoslife/dst/lib conftest.c  >&5
configure:18404: $? = 0
configure:18462: checking for Elf64_Rela in elf.h
configure:18464: result: yes
configure:18493: gcc -o conftest -fPIC -I/Users/schukin/src/crashlife/atoslife/ext/atoslife/dst/include  -L/Users/schukin/src/crashlife/atoslife/ext/atoslife/dst/lib conftest.c  >&5
configure:18493: $? = 0
configure:18551: checking for Elf64_Rel in elf.h
configure:18553: result: yes
configure:18582: gcc -o conftest -fPIC -I/Users/schukin/src/crashlife/atoslife/ext/atoslife/dst/include  -L/Users/schukin/src/crashlife/atoslife/ext/atoslife/dst/lib conftest.c  >&5
configure:18582: $? = 0
configure:18640: checking for Elf64_Sym in elf.h
configure:18642: result: yes
configure:18673: gcc -c -fPIC -I/Users/schukin/src/crashlife/atoslife/ext/atoslife/dst/include  conftest.c >&5
conftest.c:43:21: error: typedef redefinition with different types ('struct _Elf' vs 'struct Elf')
typedef struct _Elf Elf;
                    ^
/usr/local/include/libelf/libelf.h:128:20: note: previous definition is here
typedef struct Elf      Elf;
                        ^
1 error generated.
configure:18673: $? = 1
configure: failed program was:
| /* confdefs.h */
| #define PACKAGE_NAME "libdwarf"
| #define PACKAGE_TARNAME "libdwarf"
| #define PACKAGE_VERSION "20180809"
| #define PACKAGE_STRING "libdwarf 20180809"
| #define PACKAGE_BUGREPORT "libdwarf-list -at- linuxmail -dot- org"
| #define PACKAGE_URL ""
| #define PACKAGE "libdwarf"
| #define VERSION "20180809"
| #define STDC_HEADERS 1
| #define HAVE_SYS_TYPES_H 1
| #define HAVE_SYS_STAT_H 1
| #define HAVE_STDLIB_H 1
| #define HAVE_STRING_H 1
| #define HAVE_MEMORY_H 1
| #define HAVE_STRINGS_H 1
| #define HAVE_INTTYPES_H 1
| #define HAVE_STDINT_H 1
| #define HAVE_UNISTD_H 1
| #define HAVE_DLFCN_H 1
| #define LT_OBJDIR ".libs/"
| #define HAVE_UNISTD_H 1
| #define HAVE_SYS_TYPES_H 1
| #define HAVE_REGEX_H 1
| #define HAVE_LIBELF_H 1
| #define HAVE_LIBELF_LIBELF_H 1
| #define HAVE_ZLIB_H 1
| #define HAVE___UINT32_T_IN_SYS_TYPES_H 1
| #define HAVE___UINT64_T_IN_SYS_TYPES_H 1
| #define HAVE_ELF64_RELA 1
| #define HAVE_ELF64_R_INFO 1
| #define HAVE_ELF64_SYM 1
| /* end confdefs.h.  */
| 
| #ifdef HAVE_LIBELF_H
| # include <libelf.h>
| #endif
| #ifdef HAVE_LIBELF_LIBELF_H
| # include <libelf/libelf.h>
| #endif
| /* This must be at global scope */
| struct _Elf;
| typedef struct _Elf Elf;
| 
| int
| main ()
| {
| 
| struct _Elf *a = 0;
| 
|   ;
|   return 0;
| }
| 
configure:18686: checking whether struct _Elf is used
configure:18688: result: no
configure:18696: checking whether byte ordering is bigendian
configure:18711: gcc -c -fPIC -I/Users/schukin/src/crashlife/atoslife/ext/atoslife/dst/include  conftest.c >&5
configure:18711: $? = 0
configure:18756: gcc -c -fPIC -I/Users/schukin/src/crashlife/atoslife/ext/atoslife/dst/include  conftest.c >&5
configure:18756: $? = 0
configure:18774: gcc -c -fPIC -I/Users/schukin/src/crashlife/atoslife/ext/atoslife/dst/include  conftest.c >&5
conftest.c:41:4: error: use of undeclared identifier 'not'
                 not big endian
                 ^
1 error generated.
configure:18774: $? = 1
configure: failed program was:
| /* confdefs.h */
| #define PACKAGE_NAME "libdwarf"
| #define PACKAGE_TARNAME "libdwarf"
| #define PACKAGE_VERSION "20180809"
| #define PACKAGE_STRING "libdwarf 20180809"
| #define PACKAGE_BUGREPORT "libdwarf-list -at- linuxmail -dot- org"
| #define PACKAGE_URL ""
| #define PACKAGE "libdwarf"
| #define VERSION "20180809"
| #define STDC_HEADERS 1
| #define HAVE_SYS_TYPES_H 1
| #define HAVE_SYS_STAT_H 1
| #define HAVE_STDLIB_H 1
| #define HAVE_STRING_H 1
| #define HAVE_MEMORY_H 1
| #define HAVE_STRINGS_H 1
| #define HAVE_INTTYPES_H 1
| #define HAVE_STDINT_H 1
| #define HAVE_UNISTD_H 1
| #define HAVE_DLFCN_H 1
| #define LT_OBJDIR ".libs/"
| #define HAVE_UNISTD_H 1
| #define HAVE_SYS_TYPES_H 1
| #define HAVE_REGEX_H 1
| #define HAVE_LIBELF_H 1
| #define HAVE_LIBELF_LIBELF_H 1
| #define HAVE_ZLIB_H 1
| #define HAVE___UINT32_T_IN_SYS_TYPES_H 1
| #define HAVE___UINT64_T_IN_SYS_TYPES_H 1
| #define HAVE_ELF64_RELA 1
| #define HAVE_ELF64_R_INFO 1
| #define HAVE_ELF64_SYM 1
| /* end confdefs.h.  */
| #include <sys/types.h>
| 		#include <sys/param.h>
| 
| int
| main ()
| {
| #if BYTE_ORDER != BIG_ENDIAN
| 		 not big endian
| 		#endif
| 
|   ;
|   return 0;
| }
configure:18902: result: no
configure:18951: checking whether the C++ compiler supports 
configure:18964: g++ -c -g -O2   conftest.cpp >&5
configure:18964: $? = 0
configure:18970: result: yes
configure:19046: checking whether the C compiler supports 
configure:19059: gcc -c -fPIC -I/Users/schukin/src/crashlife/atoslife/ext/atoslife/dst/include   conftest.c >&5
configure:19059: $? = 0
configure:19065: result: yes
configure:19154: gcc -c -fPIC -I/Users/schukin/src/crashlife/atoslife/ext/atoslife/dst/include  conftest.c >&5
conftest.c:42:1: warning: control reaches end of non-void function [-Wreturn-type]
}
^
1 warning generated.
configure:19154: $? = 0
configure:19166: checking whether "unused" attribute is available
configure:19168: result: yes
configure:19203: checking whether sanitize options are used
configure:19205: result: no
configure:19214: checking for size_t
configure:19214: gcc -c -fPIC -I/Users/schukin/src/crashlife/atoslife/ext/atoslife/dst/include  conftest.c >&5
configure:19214: $? = 0
configure:19214: gcc -c -fPIC -I/Users/schukin/src/crashlife/atoslife/ext/atoslife/dst/include  conftest.c >&5
conftest.c:71:21: error: expected expression
if (sizeof ((size_t)))
                    ^
1 error generated.
configure:19214: $? = 1
configure: failed program was:
| /* confdefs.h */
| #define PACKAGE_NAME "libdwarf"
| #define PACKAGE_TARNAME "libdwarf"
| #define PACKAGE_VERSION "20180809"
| #define PACKAGE_STRING "libdwarf 20180809"
| #define PACKAGE_BUGREPORT "libdwarf-list -at- linuxmail -dot- org"
| #define PACKAGE_URL ""
| #define PACKAGE "libdwarf"
| #define VERSION "20180809"
| #define STDC_HEADERS 1
| #define HAVE_SYS_TYPES_H 1
| #define HAVE_SYS_STAT_H 1
| #define HAVE_STDLIB_H 1
| #define HAVE_STRING_H 1
| #define HAVE_MEMORY_H 1
| #define HAVE_STRINGS_H 1
| #define HAVE_INTTYPES_H 1
| #define HAVE_STDINT_H 1
| #define HAVE_UNISTD_H 1
| #define HAVE_DLFCN_H 1
| #define LT_OBJDIR ".libs/"
| #define HAVE_UNISTD_H 1
| #define HAVE_SYS_TYPES_H 1
| #define HAVE_REGEX_H 1
| #define HAVE_LIBELF_H 1
| #define HAVE_LIBELF_LIBELF_H 1
| #define HAVE_ZLIB_H 1
| #define HAVE___UINT32_T_IN_SYS_TYPES_H 1
| #define HAVE___UINT64_T_IN_SYS_TYPES_H 1
| #define HAVE_ELF64_RELA 1
| #define HAVE_ELF64_R_INFO 1
| #define HAVE_ELF64_SYM 1
| #define HAVE_UNUSED_ATTRIBUTE 1
| /* end confdefs.h.  */
| #include <stdio.h>
| #ifdef HAVE_SYS_TYPES_H
| # include <sys/types.h>
| #endif
| #ifdef HAVE_SYS_STAT_H
| # include <sys/stat.h>
| #endif
| #ifdef STDC_HEADERS
| # include <stdlib.h>
| # include <stddef.h>
| #else
| # ifdef HAVE_STDLIB_H
| #  include <stdlib.h>
| # endif
| #endif
| #ifdef HAVE_STRING_H
| # if !defined STDC_HEADERS && defined HAVE_MEMORY_H
| #  include <memory.h>
| # endif
| # include <string.h>
| #endif
| #ifdef HAVE_STRINGS_H
| # include <strings.h>
| #endif
| #ifdef HAVE_INTTYPES_H
| # include <inttypes.h>
| #endif
| #ifdef HAVE_STDINT_H
| # include <stdint.h>
| #endif
| #ifdef HAVE_UNISTD_H
| # include <unistd.h>
| #endif
| int
| main ()
| {
| if (sizeof ((size_t)))
| 	    return 0;
|   ;
|   return 0;
| }
configure:19214: result: yes
configure:19227: checking for working alloca.h
configure:19244: gcc -o conftest -fPIC -I/Users/schukin/src/crashlife/atoslife/ext/atoslife/dst/include  -L/Users/schukin/src/crashlife/atoslife/ext/atoslife/dst/lib conftest.c  >&5
configure:19244: $? = 0
configure:19252: result: yes
configure:19260: checking for alloca
configure:19297: gcc -o conftest -fPIC -I/Users/schukin/src/crashlife/atoslife/ext/atoslife/dst/include  -L/Users/schukin/src/crashlife/atoslife/ext/atoslife/dst/lib conftest.c  >&5
configure:19297: $? = 0
configure:19305: result: yes
configure:19417: checking for library containing elf64_getehdr
configure:19448: gcc -o conftest -fPIC -I/Users/schukin/src/crashlife/atoslife/ext/atoslife/dst/include  -L/Users/schukin/src/crashlife/atoslife/ext/atoslife/dst/lib conftest.c   -lelf -lz >&5
configure:19448: $? = 0
configure:19465: result: none required
configure:19480: checking for library containing elf64_getshdr
configure:19511: gcc -o conftest -fPIC -I/Users/schukin/src/crashlife/atoslife/ext/atoslife/dst/include  -L/Users/schukin/src/crashlife/atoslife/ext/atoslife/dst/lib conftest.c   -lelf -lz >&5
configure:19511: $? = 0
configure:19528: result: none required
configure:19644: gcc -c -fPIC -I/Users/schukin/src/crashlife/atoslife/ext/atoslife/dst/include  conftest.c >&5
configure:19644: $? = 0
configure:19656: checking for regex library
configure:19658: result: yes
configure:19793: checking that generated files are newer than configure
configure:19799: result: done
configure:19827: creating ./config.status

## ---------------------- ##
## Running config.status. ##
## ---------------------- ##

This file was extended by libdwarf config.status 20180809, which was
generated by GNU Autoconf 2.69.  Invocation command line was

  CONFIG_FILES    = 
  CONFIG_HEADERS  = 
  CONFIG_LINKS    = 
  CONFIG_COMMANDS = 
  $ ./config.status 

on Daves-MacBook-Pro.local

config.status:1192: creating Makefile
config.status:1192: creating libdwarf/Makefile
config.status:1192: creating dwarfdump/Makefile
config.status:1192: creating dwarfgen/Makefile
config.status:1192: creating dwarfexample/Makefile
config.status:1192: creating config.h
config.status:1373: config.h is unchanged
config.status:1421: executing depfiles commands
config.status:1421: executing libtool commands
config.status:1421: executing libdwarf/libdwarf.h commands

## ---------------- ##
## Cache variables. ##
## ---------------- ##

ac_cv_build=x86_64-apple-darwin18.2.0
ac_cv_build_prog_CPP='gcc -E'
ac_cv_build_prog_cc_g=yes
ac_cv_c_bigendian=no
ac_cv_c_compiler_gnu=yes
ac_cv_cxx_compiler_gnu=yes
ac_cv_env_CCC_set=
ac_cv_env_CCC_value=
ac_cv_env_CC_set=
ac_cv_env_CC_value=
ac_cv_env_CFLAGS_set=set
ac_cv_env_CFLAGS_value='-fPIC -I/Users/schukin/src/crashlife/atoslife/ext/atoslife/dst/include'
ac_cv_env_CPPFLAGS_set=
ac_cv_env_CPPFLAGS_value=
ac_cv_env_CPP_set=
ac_cv_env_CPP_value=
ac_cv_env_CXXCPP_set=
ac_cv_env_CXXCPP_value=
ac_cv_env_CXXFLAGS_set=
ac_cv_env_CXXFLAGS_value=
ac_cv_env_CXX_set=
ac_cv_env_CXX_value=
ac_cv_env_DWARF_LIBS_set=
ac_cv_env_DWARF_LIBS_value=
ac_cv_env_LDFLAGS_set=set
ac_cv_env_LDFLAGS_value=-L/Users/schukin/src/crashlife/atoslife/ext/atoslife/dst/lib
ac_cv_env_LIBS_set=
ac_cv_env_LIBS_value=
ac_cv_env_LT_SYS_LIBRARY_PATH_set=
ac_cv_env_LT_SYS_LIBRARY_PATH_value=
ac_cv_env_build_alias_set=
ac_cv_env_build_alias_value=
ac_cv_env_host_alias_set=
ac_cv_env_host_alias_value=
ac_cv_env_target_alias_set=
ac_cv_env_target_alias_value=
ac_cv_func_alloca_works=yes
ac_cv_header_dlfcn_h=yes
ac_cv_header_elf_h=no
ac_cv_header_elfaccess_h=no
ac_cv_header_inttypes_h=yes
ac_cv_header_libelf_h=yes
ac_cv_header_libelf_libelf_h=yes
ac_cv_header_memory_h=yes
ac_cv_header_regex_h=yes
ac_cv_header_sgidefs_h=no
ac_cv_header_stdc=yes
ac_cv_header_stdint_h=yes
ac_cv_header_stdlib_h=yes
ac_cv_header_string_h=yes
ac_cv_header_strings_h=yes
ac_cv_header_sys_elf_386_h=no
ac_cv_header_sys_elf_SPARC_h=no
ac_cv_header_sys_elf_amd64_h=no
ac_cv_header_sys_ia64_elf_h=no
ac_cv_header_sys_stat_h=yes
ac_cv_header_sys_types_h=yes
ac_cv_header_unistd_h=yes
ac_cv_header_windows_h=no
ac_cv_header_zlib_h=yes
ac_cv_host=x86_64-apple-darwin18.2.0
ac_cv_objext=o
ac_cv_path_EGREP='/usr/bin/grep -E'
ac_cv_path_FGREP='/usr/bin/grep -F'
ac_cv_path_GREP=/usr/bin/grep
ac_cv_path_SED=/usr/bin/sed
ac_cv_path_install='/usr/local/bin/ginstall -c'
ac_cv_path_lt_DD=/bin/dd
ac_cv_path_mkdir=/usr/local/bin/gmkdir
ac_cv_prog_AWK=awk
ac_cv_prog_CPP='gcc -E'
ac_cv_prog_CXXCPP='g++ -E'
ac_cv_prog_ac_ct_AR=ar
ac_cv_prog_ac_ct_CC=gcc
ac_cv_prog_ac_ct_CC_FOR_BUILD=gcc
ac_cv_prog_ac_ct_CXX=g++
ac_cv_prog_ac_ct_DSYMUTIL=dsymutil
ac_cv_prog_ac_ct_LIPO=lipo
ac_cv_prog_ac_ct_NMEDIT=nmedit
ac_cv_prog_ac_ct_OBJDUMP=objdump
ac_cv_prog_ac_ct_OTOOL=otool
ac_cv_prog_ac_ct_RANLIB=ranlib
ac_cv_prog_ac_ct_STRIP=strip
ac_cv_prog_cc_c89=
ac_cv_prog_cc_g=yes
ac_cv_prog_cc_gcc_c_o=yes
ac_cv_prog_cxx_g=yes
ac_cv_prog_make_make_set=yes
ac_cv_search_elf64_getehdr='none required'
ac_cv_search_elf64_getshdr='none required'
ac_cv_type_size_t=yes
ac_cv_working_alloca_h=yes
am_cv_CC_dependencies_compiler_type=gcc3
am_cv_CXX_dependencies_compiler_type=gcc3
am_cv_ar_interface=ar
am_cv_make_support_nested_variables=yes
am_cv_prog_cc_c_o=yes
lt_cv_apple_cc_single_mod=yes
lt_cv_ar_at_file=no
lt_cv_deplibs_check_method=pass_all
lt_cv_file_magic_cmd='$MAGIC_CMD'
lt_cv_file_magic_test_file=
lt_cv_ld_exported_symbols_list=yes
lt_cv_ld_force_load=yes
lt_cv_ld_reload_flag=-r
lt_cv_nm_interface='BSD nm'
lt_cv_objdir=.libs
lt_cv_path_LD=/Applications/Xcode.app/Contents/Developer/Toolchains/XcodeDefault.xctoolchain/usr/bin/ld
lt_cv_path_LDCXX=/Applications/Xcode.app/Contents/Developer/Toolchains/XcodeDefault.xctoolchain/usr/bin/ld
lt_cv_path_NM='/usr/bin/nm -B'
lt_cv_path_mainfest_tool=no
lt_cv_prog_compiler_c_o=yes
lt_cv_prog_compiler_c_o_CXX=yes
lt_cv_prog_compiler_pic='-fno-common -DPIC'
lt_cv_prog_compiler_pic_CXX='-fno-common -DPIC'
lt_cv_prog_compiler_pic_works=yes
lt_cv_prog_compiler_pic_works_CXX=yes
lt_cv_prog_compiler_rtti_exceptions=yes
lt_cv_prog_compiler_static_works=no
lt_cv_prog_compiler_static_works_CXX=no
lt_cv_prog_gnu_ld=no
lt_cv_prog_gnu_ldcxx=no
lt_cv_sharedlib_from_linklib_cmd='printf %s\n'
lt_cv_sys_global_symbol_pipe='sed -n -e '\''s/^.*[	 ]\([BCDEGRST][BCDEGRST]*\)[	 ][	 ]*_\([_A-Za-z][_A-Za-z0-9]*\)$/\1 _\2 \2/p'\'' | sed '\''/ __gnu_lto/d'\'''
lt_cv_sys_global_symbol_to_c_name_address='sed -n -e '\''s/^: \(.*\) .*$/  {"\1", (void *) 0},/p'\'' -e '\''s/^[BCDEGRST][BCDEGRST]* .* \(.*\)$/  {"\1", (void *) \&\1},/p'\'''
lt_cv_sys_global_symbol_to_c_name_address_lib_prefix='sed -n -e '\''s/^: \(.*\) .*$/  {"\1", (void *) 0},/p'\'' -e '\''s/^[BCDEGRST][BCDEGRST]* .* \(lib.*\)$/  {"\1", (void *) \&\1},/p'\'' -e '\''s/^[BCDEGRST][BCDEGRST]* .* \(.*\)$/  {"lib\1", (void *) \&\1},/p'\'''
lt_cv_sys_global_symbol_to_cdecl='sed -n -e '\''s/^T .* \(.*\)$/extern int \1();/p'\'' -e '\''s/^[BCDEGRST][BCDEGRST]* .* \(.*\)$/extern char \1;/p'\'''
lt_cv_sys_global_symbol_to_import=
lt_cv_sys_max_cmd_len=196608
lt_cv_to_host_file_cmd=func_convert_file_noop
lt_cv_to_tool_file_cmd=func_convert_file_noop
lt_cv_truncate_bin='/bin/dd bs=4096 count=1'

## ----------------- ##
## Output variables. ##
## ----------------- ##

ACLOCAL='${SHELL} /Users/schukin/src/crashlife/atoslife/ext/atoslife/libdwarf/missing aclocal-1.15'
ALLOCA=''
AMDEPBACKSLASH='\'
AMDEP_FALSE='#'
AMDEP_TRUE=''
AMTAR='$${TAR-tar}'
AM_BACKSLASH='\'
AM_DEFAULT_V='$(AM_DEFAULT_VERBOSITY)'
AM_DEFAULT_VERBOSITY='0'
AM_V='$(V)'
AR='ar'
AS='as'
AUTOCONF='${SHELL} /Users/schukin/src/crashlife/atoslife/ext/atoslife/libdwarf/missing autoconf'
AUTOHEADER='${SHELL} /Users/schukin/src/crashlife/atoslife/ext/atoslife/libdwarf/missing autoheader'
AUTOMAKE='${SHELL} /Users/schukin/src/crashlife/atoslife/ext/atoslife/libdwarf/missing automake-1.15'
AWK='awk'
BUILD_EXEEXT=''
BUILD_OBJEXT=''
CC='gcc'
CCDEPMODE='depmode=gcc3'
CC_FOR_BUILD='gcc'
CFLAGS='-fPIC -I/Users/schukin/src/crashlife/atoslife/ext/atoslife/dst/include'
CFLAGS_FOR_BUILD='-g -O2'
CPP='gcc -E'
CPPFLAGS=''
CPPFLAGS_FOR_BUILD=''
CPP_FOR_BUILD='gcc -E'
CXX='g++'
CXXCPP='g++ -E'
CXXDEPMODE='depmode=gcc3'
CXXFLAGS='-g -O2'
CYGPATH_W='echo'
DEFS='-DHAVE_CONFIG_H'
DEPDIR='.deps'
DLLTOOL='false'
DSYMUTIL='dsymutil'
DUMPBIN=''
DWARF_CFLAGS_WARN=' '
DWARF_CXXFLAGS_WARN=' '
DWARF_LIBS=' -lelf -lz'
ECHO_C='\c'
ECHO_N=''
ECHO_T=''
EGREP='/usr/bin/grep -E'
EXEEXT=''
FGREP='/usr/bin/grep -F'
GREP='/usr/bin/grep'
HAVE_DWARFEXAMPLE_FALSE=''
HAVE_DWARFEXAMPLE_TRUE='#'
HAVE_DWARFGEN_FALSE=''
HAVE_DWARFGEN_TRUE='#'
HAVE_WIN32_FALSE=''
HAVE_WIN32_TRUE='#'
INSTALL_DATA='${INSTALL} -m 644'
INSTALL_PROGRAM='${INSTALL}'
INSTALL_SCRIPT='${INSTALL}'
INSTALL_STRIP_PROGRAM='$(install_sh) -c -s'
LD='/Applications/Xcode.app/Contents/Developer/Toolchains/XcodeDefault.xctoolchain/usr/bin/ld'
LDFLAGS='-L/Users/schukin/src/crashlife/atoslife/ext/atoslife/dst/lib'
LDFLAGS_FOR_BUILD=''
LIBOBJS=''
LIBS=''
LIBTOOL='$(SHELL) $(top_builddir)/libtool'
LIPO='lipo'
LN_S='ln -s'
LTLIBOBJS=''
LT_SYS_LIBRARY_PATH=''
MAKEINFO='${SHELL} /Users/schukin/src/crashlife/atoslife/ext/atoslife/libdwarf/missing makeinfo'
MANIFEST_TOOL=':'
MKDIR_P='/usr/local/bin/gmkdir -p'
NM='/usr/bin/nm -B'
NMEDIT='nmedit'
OBJDUMP='objdump'
OBJEXT='o'
OTOOL64=':'
OTOOL='otool'
PACKAGE='libdwarf'
PACKAGE_BUGREPORT='libdwarf-list -at- linuxmail -dot- org'
PACKAGE_NAME='libdwarf'
PACKAGE_STRING='libdwarf 20180809'
PACKAGE_TARNAME='libdwarf'
PACKAGE_URL=''
PACKAGE_VERSION='20180809'
PATH_SEPARATOR=':'
RANLIB='ranlib'
SED='/usr/bin/sed'
SET_MAKE=''
SHELL='/bin/sh'
STRIP='strip'
VERSION='20180809'
ac_ct_AR='ar'
ac_ct_CC='gcc'
ac_ct_CC_FOR_BUILD='gcc'
ac_ct_CXX='g++'
ac_ct_DUMPBIN=''
am__EXEEXT_FALSE=''
am__EXEEXT_TRUE='#'
am__fastdepCC_FALSE='#'
am__fastdepCC_TRUE=''
am__fastdepCXX_FALSE='#'
am__fastdepCXX_TRUE=''
am__include='include'
am__isrc=''
am__leading_dot='.'
am__nodep='_no'
am__quote=''
am__tar='$${TAR-tar} chof - "$$tardir"'
am__untar='$${TAR-tar} xf -'
bindir='${exec_prefix}/bin'
build='x86_64-apple-darwin18.2.0'
build_alias=''
build_cpu='x86_64'
build_os='darwin18.2.0'
build_vendor='apple'
datadir='${datarootdir}'
datarootdir='${prefix}/share'
docdir='${datarootdir}/doc/${PACKAGE_TARNAME}'
dvidir='${docdir}'
dwarf_namestable='-t'
exec_prefix='${prefix}'
host='x86_64-apple-darwin18.2.0'
host_alias=''
host_cpu='x86_64'
host_os='darwin18.2.0'
host_vendor='apple'
htmldir='${docdir}'
includedir='${prefix}/include'
infodir='${datarootdir}/info'
install_sh='${SHELL} /Users/schukin/src/crashlife/atoslife/ext/atoslife/libdwarf/install-sh'
libdir='${exec_prefix}/lib'
libexecdir='${exec_prefix}/libexec'
localedir='${datarootdir}/locale'
localstatedir='${prefix}/var'
mandir='${datarootdir}/man'
mkdir_p='$(MKDIR_P)'
oldincludedir='/usr/include'
pdfdir='${docdir}'
prefix='/usr/local'
program_transform_name='s,x,x,'
psdir='${docdir}'
release_info=''
runstatedir='${localstatedir}/run'
sbindir='${exec_prefix}/sbin'
sharedstatedir='${prefix}/com'
struct_elf='struct Elf'
sysconfdir='${prefix}/etc'
target_alias=''
version_info='1:0:0'

## ----------- ##
## confdefs.h. ##
## ----------- ##

/* confdefs.h */
#define PACKAGE_NAME "libdwarf"
#define PACKAGE_TARNAME "libdwarf"
#define PACKAGE_VERSION "20180809"
#define PACKAGE_STRING "libdwarf 20180809"
#define PACKAGE_BUGREPORT "libdwarf-list -at- linuxmail -dot- org"
#define PACKAGE_URL ""
#define PACKAGE "libdwarf"
#define VERSION "20180809"
#define STDC_HEADERS 1
#define HAVE_SYS_TYPES_H 1
#define HAVE_SYS_STAT_H 1
#define HAVE_STDLIB_H 1
#define HAVE_STRING_H 1
#define HAVE_MEMORY_H 1
#define HAVE_STRINGS_H 1
#define HAVE_INTTYPES_H 1
#define HAVE_STDINT_H 1
#define HAVE_UNISTD_H 1
#define HAVE_DLFCN_H 1
#define LT_OBJDIR ".libs/"
#define HAVE_UNISTD_H 1
#define HAVE_SYS_TYPES_H 1
#define HAVE_REGEX_H 1
#define HAVE_LIBELF_H 1
#define HAVE_LIBELF_LIBELF_H 1
#define HAVE_ZLIB_H 1
#define HAVE___UINT32_T_IN_SYS_TYPES_H 1
#define HAVE___UINT64_T_IN_SYS_TYPES_H 1
#define HAVE_ELF64_RELA 1
#define HAVE_ELF64_R_INFO 1
#define HAVE_ELF64_SYM 1
#define HAVE_UNUSED_ATTRIBUTE 1
#define HAVE_ALLOCA_H 1
#define HAVE_ALLOCA 1
#define HAVE_ELF64_GETEHDR 1
#define HAVE_ELF64_GETSHDR 1
#define HAVE_ZLIB 1
#define HAVE_REGEX 1

configure: exit 0
